Copyright 1986-2020 Xilinx, Inc. All Rights Reserved.
----------------------------------------------------------------------------------------------------------------------------------------------------------
| Tool Version     : Vivado v.2020.1 (win64) Build 2902540 Wed May 27 19:54:49 MDT 2020
| Date             : Sun Aug 23 01:04:36 2020
| Host             : CFCD running 64-bit major release  (build 9200)
| Command          : report_power -file pynq_wrapper_power_routed.rpt -pb pynq_wrapper_power_summary_routed.pb -rpx pynq_wrapper_power_routed.rpx
| Design           : pynq_wrapper
| Device           : xc7z020clg400-1
| Design State     : routed
| Grade            : commercial
| Process          : typical
| Characterization : Production
----------------------------------------------------------------------------------------------------------------------------------------------------------

Power Report

Table of Contents
-----------------
1. Summary
1.1 On-Chip Components
1.2 Power Supply Summary
1.3 Confidence Level
2. Settings
2.1 Environment
2.2 Clock Constraints
3. Detailed Reports
3.1 By Hierarchy

1. Summary
----------

+--------------------------+--------------+
| Total On-Chip Power (W)  | 1.526        |
| Design Power Budget (W)  | Unspecified* |
| Power Budget Margin (W)  | NA           |
| Dynamic (W)              | 1.389        |
| Device Static (W)        | 0.137        |
| Effective TJA (C/W)      | 11.5         |
| Max Ambient (C)          | 67.4         |
| Junction Temperature (C) | 42.6         |
| Confidence Level         | Medium       |
| Setting File             | ---          |
| Simulation Activity File | ---          |
| Design Nets Matched      | NA           |
+--------------------------+--------------+
* Specify Design Power Budget using, set_operating_conditions -design_power_budget <value in Watts>


1.1 On-Chip Components
----------------------

+--------------------------+-----------+----------+-----------+-----------------+
| On-Chip                  | Power (W) | Used     | Available | Utilization (%) |
+--------------------------+-----------+----------+-----------+-----------------+
| Clocks                   |     0.035 |        3 |       --- |             --- |
| Slice Logic              |     0.026 |    20779 |       --- |             --- |
|   LUT as Logic           |     0.021 |     6005 |     53200 |           11.29 |
|   CARRY4                 |     0.002 |      724 |     13300 |            5.44 |
|   Register               |     0.002 |    10819 |    106400 |           10.17 |
|   LUT as Shift Register  |    <0.001 |      263 |     17400 |            1.51 |
|   F7/F8 Muxes            |    <0.001 |       60 |     53200 |            0.11 |
|   LUT as Distributed RAM |    <0.001 |       20 |     17400 |            0.11 |
|   Others                 |     0.000 |     1152 |       --- |             --- |
| Signals                  |     0.034 |    16161 |       --- |             --- |
| Block RAM                |     0.006 |        2 |       140 |            1.43 |
| DSPs                     |     0.031 |       46 |       220 |           20.91 |
| PS7                      |     1.257 |        1 |       --- |             --- |
| Static Power             |     0.137 |          |           |                 |
| Total                    |     1.526 |          |           |                 |
+--------------------------+-----------+----------+-----------+-----------------+


1.2 Power Supply Summary
------------------------

+-----------+-------------+-----------+-------------+------------+-------------+-------------+------------+
| Source    | Voltage (V) | Total (A) | Dynamic (A) | Static (A) | Powerup (A) | Budget (A)  | Margin (A) |
+-----------+-------------+-----------+-------------+------------+-------------+-------------+------------+
| Vccint    |       1.000 |     0.146 |       0.132 |      0.014 |       NA    | Unspecified | NA         |
| Vccaux    |       1.800 |     0.015 |       0.000 |      0.015 |       NA    | Unspecified | NA         |
| Vcco33    |       3.300 |     0.000 |       0.000 |      0.000 |       NA    | Unspecified | NA         |
| Vcco25    |       2.500 |     0.000 |       0.000 |      0.000 |       NA    | Unspecified | NA         |
| Vcco18    |       1.800 |     0.000 |       0.000 |      0.000 |       NA    | Unspecified | NA         |
| Vcco15    |       1.500 |     0.000 |       0.000 |      0.000 |       NA    | Unspecified | NA         |
| Vcco135   |       1.350 |     0.000 |       0.000 |      0.000 |       NA    | Unspecified | NA         |
| Vcco12    |       1.200 |     0.000 |       0.000 |      0.000 |       NA    | Unspecified | NA         |
| Vccaux_io |       1.800 |     0.000 |       0.000 |      0.000 |       NA    | Unspecified | NA         |
| Vccbram   |       1.000 |     0.001 |       0.000 |      0.001 |       NA    | Unspecified | NA         |
| MGTAVcc   |       1.000 |     0.000 |       0.000 |      0.000 |       NA    | Unspecified | NA         |
| MGTAVtt   |       1.200 |     0.000 |       0.000 |      0.000 |       NA    | Unspecified | NA         |
| MGTVccaux |       1.800 |     0.000 |       0.000 |      0.000 |       NA    | Unspecified | NA         |
| Vccpint   |       1.000 |     0.676 |       0.648 |      0.028 |       NA    | Unspecified | NA         |
| Vccpaux   |       1.800 |     0.036 |       0.026 |      0.010 |       NA    | Unspecified | NA         |
| Vccpll    |       1.800 |     0.017 |       0.014 |      0.003 |       NA    | Unspecified | NA         |
| Vcco_ddr  |       1.500 |     0.354 |       0.352 |      0.002 |       NA    | Unspecified | NA         |
| Vcco_mio0 |       3.300 |     0.003 |       0.002 |      0.001 |       NA    | Unspecified | NA         |
| Vcco_mio1 |       1.800 |     0.003 |       0.002 |      0.001 |       NA    | Unspecified | NA         |
| Vccadc    |       1.800 |     0.020 |       0.000 |      0.020 |       NA    | Unspecified | NA         |
+-----------+-------------+-----------+-------------+------------+-------------+-------------+------------+


1.3 Confidence Level
--------------------

+-----------------------------+------------+------------------------------------------------+------------------------------------------------------------------------------------------------------------+
| User Input Data             | Confidence | Details                                        | Action                                                                                                     |
+-----------------------------+------------+------------------------------------------------+------------------------------------------------------------------------------------------------------------+
| Design implementation state | High       | Design is routed                               |                                                                                                            |
| Clock nodes activity        | High       | User specified more than 95% of clocks         |                                                                                                            |
| I/O nodes activity          | High       | User specified more than 95% of inputs         |                                                                                                            |
| Internal nodes activity     | Medium     | User specified less than 25% of internal nodes | Provide missing internal nodes activity with simulation results or by editing the "By Resource Type" views |
| Device models               | High       | Device models are Production                   |                                                                                                            |
|                             |            |                                                |                                                                                                            |
| Overall confidence level    | Medium     |                                                |                                                                                                            |
+-----------------------------+------------+------------------------------------------------+------------------------------------------------------------------------------------------------------------+


2. Settings
-----------

2.1 Environment
---------------

+-----------------------+------------------------+
| Ambient Temp (C)      | 25.0                   |
| ThetaJA (C/W)         | 11.5                   |
| Airflow (LFM)         | 250                    |
| Heat Sink             | none                   |
| ThetaSA (C/W)         | 0.0                    |
| Board Selection       | medium (10"x10")       |
| # of Board Layers     | 8to11 (8 to 11 Layers) |
| Board Temperature (C) | 25.0                   |
+-----------------------+------------------------+


2.2 Clock Constraints
---------------------

+------------+---------------------------------------------------------+-----------------+
| Clock      | Domain                                                  | Constraint (ns) |
+------------+---------------------------------------------------------+-----------------+
| clk_fpga_0 | pynq_i/processing_system7_0/inst/FCLK_CLK_unbuffered[0] |            10.0 |
+------------+---------------------------------------------------------+-----------------+


3. Detailed Reports
-------------------

3.1 By Hierarchy
----------------

+--------------------------+-----------+
| Name                     | Power (W) |
+--------------------------+-----------+
| pynq_wrapper             |     1.389 |
|   pynq_i                 |     1.389 |
|     Conv_0               |     0.055 |
|       inst               |     0.055 |
|     Pool_0               |     0.064 |
|       inst               |     0.064 |
|     axi_mem_intercon     |     0.003 |
|       s00_couplers       |     0.003 |
|     axi_mem_intercon_1   |     0.003 |
|       s00_couplers       |     0.003 |
|     processing_system7_0 |     1.258 |
|       inst               |     1.258 |
|     ps7_0_axi_periph     |     0.004 |
|       s00_couplers       |     0.003 |
+--------------------------+-----------+


