INFO: [VRFC 10-2263] Analyzing Verilog file "C:/Users/luojiawei/Desktop/pynq_1/soc/pynq.sim/sim_1/synth/func/xsim/pynq_wrapper_func_synth.v" into library xil_defaultlib
INFO: [VRFC 10-311] analyzing module Conv
INFO: [VRFC 10-311] analyzing module Conv_AXILiteS_s_axi
INFO: [VRFC 10-311] analyzing module Conv_ap_fadd_3_full_dsp_32
INFO: [VRFC 10-311] analyzing module Conv_ap_fcmp_0_no_dsp_32
INFO: [VRFC 10-311] analyzing module Conv_ap_fmul_2_max_dsp_32
INFO: [VRFC 10-311] analyzing module Conv_fadd_32ns_32bkb
INFO: [VRFC 10-311] analyzing module Conv_fcmp_32ns_32dEe
INFO: [VRFC 10-311] analyzing module Conv_fmul_32ns_32cud
INFO: [VRFC 10-311] analyzing module Conv_gmem_m_axi
INFO: [VRFC 10-311] analyzing module Conv_gmem_m_axi_buffer
INFO: [VRFC 10-311] analyzing module Conv_gmem_m_axi_buffer__parameterized0
INFO: [VRFC 10-311] analyzing module Conv_gmem_m_axi_fifo
INFO: [VRFC 10-311] analyzing module Conv_gmem_m_axi_fifo__parameterized0
INFO: [VRFC 10-311] analyzing module Conv_gmem_m_axi_fifo__parameterized0_234
INFO: [VRFC 10-311] analyzing module Conv_gmem_m_axi_fifo__parameterized1
INFO: [VRFC 10-311] analyzing module Conv_gmem_m_axi_fifo__parameterized1_233
INFO: [VRFC 10-311] analyzing module Conv_gmem_m_axi_fifo__parameterized2
INFO: [VRFC 10-311] analyzing module Conv_gmem_m_axi_read
INFO: [VRFC 10-311] analyzing module Conv_gmem_m_axi_reg_slice
INFO: [VRFC 10-311] analyzing module Conv_gmem_m_axi_reg_slice_235
INFO: [VRFC 10-311] analyzing module Conv_gmem_m_axi_reg_slice__parameterized0
INFO: [VRFC 10-311] analyzing module Conv_gmem_m_axi_throttl
INFO: [VRFC 10-311] analyzing module Conv_gmem_m_axi_write
INFO: [VRFC 10-311] analyzing module Conv_mac_muladd_1ibs
INFO: [VRFC 10-311] analyzing module Conv_mac_muladd_1ibs_DSP48_3
INFO: [VRFC 10-311] analyzing module Conv_sdiv_19s_9nseOg
INFO: [VRFC 10-311] analyzing module Conv_sdiv_19s_9nseOg_230
INFO: [VRFC 10-311] analyzing module Conv_sdiv_19s_9nseOg_div
INFO: [VRFC 10-311] analyzing module Conv_sdiv_19s_9nseOg_div_231
INFO: [VRFC 10-311] analyzing module Conv_sdiv_19s_9nseOg_div_u
INFO: [VRFC 10-311] analyzing module Conv_sdiv_19s_9nseOg_div_u_232
INFO: [VRFC 10-311] analyzing module Pool
INFO: [VRFC 10-311] analyzing module Pool_AXILiteS_s_axi
INFO: [VRFC 10-311] analyzing module Pool_ap_fadd_3_full_dsp_32
INFO: [VRFC 10-311] analyzing module Pool_ap_fcmp_0_no_dsp_32
INFO: [VRFC 10-311] analyzing module Pool_ap_fdiv_14_no_dsp_32
INFO: [VRFC 10-311] analyzing module Pool_ap_uitofp_4_no_dsp_32
INFO: [VRFC 10-311] analyzing module Pool_fadd_32ns_32bkb
INFO: [VRFC 10-311] analyzing module Pool_fcmp_32ns_32eOg
INFO: [VRFC 10-311] analyzing module Pool_fdiv_32ns_32cud
INFO: [VRFC 10-311] analyzing module Pool_gmem_m_axi
INFO: [VRFC 10-311] analyzing module Pool_gmem_m_axi_buffer
INFO: [VRFC 10-311] analyzing module Pool_gmem_m_axi_buffer__parameterized0
INFO: [VRFC 10-311] analyzing module Pool_gmem_m_axi_fifo
INFO: [VRFC 10-311] analyzing module Pool_gmem_m_axi_fifo__parameterized0
INFO: [VRFC 10-311] analyzing module Pool_gmem_m_axi_fifo__parameterized0_84
INFO: [VRFC 10-311] analyzing module Pool_gmem_m_axi_fifo__parameterized1
INFO: [VRFC 10-311] analyzing module Pool_gmem_m_axi_fifo__parameterized1_83
INFO: [VRFC 10-311] analyzing module Pool_gmem_m_axi_fifo__parameterized2
INFO: [VRFC 10-311] analyzing module Pool_gmem_m_axi_read
INFO: [VRFC 10-311] analyzing module Pool_gmem_m_axi_reg_slice
INFO: [VRFC 10-311] analyzing module Pool_gmem_m_axi_reg_slice_85
INFO: [VRFC 10-311] analyzing module Pool_gmem_m_axi_reg_slice__parameterized0
INFO: [VRFC 10-311] analyzing module Pool_gmem_m_axi_throttl
INFO: [VRFC 10-311] analyzing module Pool_gmem_m_axi_write
INFO: [VRFC 10-311] analyzing module Pool_mac_muladd_1hbi
INFO: [VRFC 10-311] analyzing module Pool_mac_muladd_1hbi_65
INFO: [VRFC 10-311] analyzing module Pool_mac_muladd_1hbi_66
INFO: [VRFC 10-311] analyzing module Pool_mac_muladd_1hbi_DSP48_1
INFO: [VRFC 10-311] analyzing module Pool_mac_muladd_1hbi_DSP48_1_81
INFO: [VRFC 10-311] analyzing module Pool_mac_muladd_1hbi_DSP48_1_82
INFO: [VRFC 10-311] analyzing module Pool_mul_mul_16nsg8j
INFO: [VRFC 10-311] analyzing module Pool_mul_mul_16nsg8j_DSP48_0
INFO: [VRFC 10-311] analyzing module Pool_udiv_16ns_8nfYi
INFO: [VRFC 10-311] analyzing module Pool_udiv_16ns_8nfYi_67
INFO: [VRFC 10-311] analyzing module Pool_udiv_16ns_8nfYi_div
INFO: [VRFC 10-311] analyzing module Pool_udiv_16ns_8nfYi_div_79
INFO: [VRFC 10-311] analyzing module Pool_udiv_16ns_8nfYi_div_u
INFO: [VRFC 10-311] analyzing module Pool_udiv_16ns_8nfYi_div_u_80
INFO: [VRFC 10-311] analyzing module Pool_uitofp_32ns_dEe
INFO: [VRFC 10-311] analyzing module axi_crossbar_v2_1_22_addr_arbiter_sasd
INFO: [VRFC 10-311] analyzing module axi_crossbar_v2_1_22_axi_crossbar
INFO: [VRFC 10-311] analyzing module axi_crossbar_v2_1_22_crossbar_sasd
INFO: [VRFC 10-311] analyzing module axi_crossbar_v2_1_22_decerr_slave
INFO: [VRFC 10-311] analyzing module axi_crossbar_v2_1_22_splitter
INFO: [VRFC 10-311] analyzing module axi_crossbar_v2_1_22_splitter__parameterized0
INFO: [VRFC 10-311] analyzing module axi_data_fifo_v2_1_20_axic_fifo
INFO: [VRFC 10-311] analyzing module axi_data_fifo_v2_1_20_axic_fifo__parameterized0
INFO: [VRFC 10-311] analyzing module axi_data_fifo_v2_1_20_axic_fifo__parameterized0__xdcDup__1
INFO: [VRFC 10-311] analyzing module axi_data_fifo_v2_1_20_axic_fifo__xdcDup__1
INFO: [VRFC 10-311] analyzing module axi_data_fifo_v2_1_20_axic_fifo__xdcDup__2
INFO: [VRFC 10-311] analyzing module axi_data_fifo_v2_1_20_axic_fifo__xdcDup__3
INFO: [VRFC 10-311] analyzing module axi_data_fifo_v2_1_20_fifo_gen
INFO: [VRFC 10-311] analyzing module axi_data_fifo_v2_1_20_fifo_gen__parameterized0
INFO: [VRFC 10-311] analyzing module axi_data_fifo_v2_1_20_fifo_gen__parameterized0__xdcDup__1
INFO: [VRFC 10-311] analyzing module axi_data_fifo_v2_1_20_fifo_gen__xdcDup__1
INFO: [VRFC 10-311] analyzing module axi_data_fifo_v2_1_20_fifo_gen__xdcDup__2
INFO: [VRFC 10-311] analyzing module axi_data_fifo_v2_1_20_fifo_gen__xdcDup__3
INFO: [VRFC 10-311] analyzing module axi_dwidth_converter_v2_1_21_a_upsizer
INFO: [VRFC 10-311] analyzing module axi_dwidth_converter_v2_1_21_a_upsizer_28
INFO: [VRFC 10-311] analyzing module axi_dwidth_converter_v2_1_21_a_upsizer__parameterized0
INFO: [VRFC 10-311] analyzing module axi_dwidth_converter_v2_1_21_a_upsizer__parameterized0_26
INFO: [VRFC 10-311] analyzing module axi_dwidth_converter_v2_1_21_axi_upsizer
INFO: [VRFC 10-311] analyzing module axi_dwidth_converter_v2_1_21_axi_upsizer_23
INFO: [VRFC 10-311] analyzing module axi_dwidth_converter_v2_1_21_r_upsizer
INFO: [VRFC 10-311] analyzing module axi_dwidth_converter_v2_1_21_r_upsizer_25
INFO: [VRFC 10-311] analyzing module axi_dwidth_converter_v2_1_21_top
INFO: [VRFC 10-311] analyzing module axi_dwidth_converter_v2_1_21_top__1
INFO: [VRFC 10-311] analyzing module axi_dwidth_converter_v2_1_21_w_upsizer
INFO: [VRFC 10-311] analyzing module axi_dwidth_converter_v2_1_21_w_upsizer_27
INFO: [VRFC 10-311] analyzing module axi_protocol_converter_v2_1_21_a_axi3_conv
INFO: [VRFC 10-311] analyzing module axi_protocol_converter_v2_1_21_a_axi3_conv__parameterized0
INFO: [VRFC 10-311] analyzing module axi_protocol_converter_v2_1_21_a_axi3_conv__parameterized0__xdcDup__1
INFO: [VRFC 10-311] analyzing module axi_protocol_converter_v2_1_21_a_axi3_conv__xdcDup__1
INFO: [VRFC 10-311] analyzing module axi_protocol_converter_v2_1_21_axi3_conv
INFO: [VRFC 10-311] analyzing module axi_protocol_converter_v2_1_21_axi3_conv__xdcDup__1
INFO: [VRFC 10-311] analyzing module axi_protocol_converter_v2_1_21_axi_protocol_converter
INFO: [VRFC 10-311] analyzing module axi_protocol_converter_v2_1_21_axi_protocol_converter__parameterized0
INFO: [VRFC 10-311] analyzing module axi_protocol_converter_v2_1_21_axi_protocol_converter__xdcDup__1
INFO: [VRFC 10-311] analyzing module axi_protocol_converter_v2_1_21_b2s
INFO: [VRFC 10-311] analyzing module axi_protocol_converter_v2_1_21_b2s_ar_channel
INFO: [VRFC 10-311] analyzing module axi_protocol_converter_v2_1_21_b2s_aw_channel
INFO: [VRFC 10-311] analyzing module axi_protocol_converter_v2_1_21_b2s_b_channel
INFO: [VRFC 10-311] analyzing module axi_protocol_converter_v2_1_21_b2s_cmd_translator
INFO: [VRFC 10-311] analyzing module axi_protocol_converter_v2_1_21_b2s_cmd_translator_2
INFO: [VRFC 10-311] analyzing module axi_protocol_converter_v2_1_21_b2s_incr_cmd
INFO: [VRFC 10-311] analyzing module axi_protocol_converter_v2_1_21_b2s_incr_cmd_3
INFO: [VRFC 10-311] analyzing module axi_protocol_converter_v2_1_21_b2s_r_channel
INFO: [VRFC 10-311] analyzing module axi_protocol_converter_v2_1_21_b2s_rd_cmd_fsm
INFO: [VRFC 10-311] analyzing module axi_protocol_converter_v2_1_21_b2s_simple_fifo
INFO: [VRFC 10-311] analyzing module axi_protocol_converter_v2_1_21_b2s_simple_fifo__parameterized0
INFO: [VRFC 10-311] analyzing module axi_protocol_converter_v2_1_21_b2s_simple_fifo__parameterized1
INFO: [VRFC 10-311] analyzing module axi_protocol_converter_v2_1_21_b2s_simple_fifo__parameterized2
INFO: [VRFC 10-311] analyzing module axi_protocol_converter_v2_1_21_b2s_wr_cmd_fsm
INFO: [VRFC 10-311] analyzing module axi_protocol_converter_v2_1_21_b2s_wrap_cmd
INFO: [VRFC 10-311] analyzing module axi_protocol_converter_v2_1_21_b2s_wrap_cmd_4
INFO: [VRFC 10-311] analyzing module axi_protocol_converter_v2_1_21_b_downsizer
INFO: [VRFC 10-311] analyzing module axi_protocol_converter_v2_1_21_b_downsizer_36
INFO: [VRFC 10-311] analyzing module axi_protocol_converter_v2_1_21_r_axi3_conv
INFO: [VRFC 10-311] analyzing module axi_protocol_converter_v2_1_21_r_axi3_conv_35
INFO: [VRFC 10-311] analyzing module axi_protocol_converter_v2_1_21_w_axi3_conv
INFO: [VRFC 10-311] analyzing module axi_protocol_converter_v2_1_21_w_axi3_conv_37
INFO: [VRFC 10-311] analyzing module axi_register_slice_v2_1_21_axi_register_slice
INFO: [VRFC 10-311] analyzing module axi_register_slice_v2_1_21_axi_register_slice_24
INFO: [VRFC 10-311] analyzing module axi_register_slice_v2_1_21_axi_register_slice__parameterized0
INFO: [VRFC 10-311] analyzing module axi_register_slice_v2_1_21_axi_register_slice__parameterized0_29
INFO: [VRFC 10-311] analyzing module axi_register_slice_v2_1_21_axi_register_slice__parameterized1
INFO: [VRFC 10-311] analyzing module axi_register_slice_v2_1_21_axic_register_slice__parameterized2
INFO: [VRFC 10-311] analyzing module axi_register_slice_v2_1_21_axic_register_slice__parameterized2_34
INFO: [VRFC 10-311] analyzing module axi_register_slice_v2_1_21_axic_register_slice__parameterized3
INFO: [VRFC 10-311] analyzing module axi_register_slice_v2_1_21_axic_register_slice__parameterized3_30
INFO: [VRFC 10-311] analyzing module axi_register_slice_v2_1_21_axic_register_slice__parameterized3_31
INFO: [VRFC 10-311] analyzing module axi_register_slice_v2_1_21_axic_register_slice__parameterized3_5
INFO: [VRFC 10-311] analyzing module axi_register_slice_v2_1_21_axic_register_slice__parameterized5
INFO: [VRFC 10-311] analyzing module axi_register_slice_v2_1_21_axic_register_slice__parameterized6
INFO: [VRFC 10-311] analyzing module axi_register_slice_v2_1_21_axic_register_slice__parameterized6_1
INFO: [VRFC 10-311] analyzing module axi_register_slice_v2_1_21_axic_register_slice__parameterized8
INFO: [VRFC 10-311] analyzing module axi_register_slice_v2_1_21_axic_register_slice__parameterized9
INFO: [VRFC 10-311] analyzing module cdc_sync
INFO: [VRFC 10-311] analyzing module cdc_sync_0
INFO: [VRFC 10-311] analyzing module generic_baseblocks_v2_1_0_command_fifo
INFO: [VRFC 10-311] analyzing module generic_baseblocks_v2_1_0_command_fifo_32
INFO: [VRFC 10-311] analyzing module generic_baseblocks_v2_1_0_command_fifo_33
INFO: [VRFC 10-311] analyzing module generic_baseblocks_v2_1_0_command_fifo_6
INFO: [VRFC 10-311] analyzing module lpf
INFO: [VRFC 10-311] analyzing module proc_sys_reset
INFO: [VRFC 10-311] analyzing module processing_system7_v5_5_processing_system7
INFO: [VRFC 10-311] analyzing module pynq
INFO: [VRFC 10-311] analyzing module pynq_Conv_0_0
INFO: [VRFC 10-311] analyzing module pynq_Pool_0_0
INFO: [VRFC 10-311] analyzing module pynq_auto_pc_0
INFO: [VRFC 10-311] analyzing module pynq_auto_pc_1
INFO: [VRFC 10-311] analyzing module pynq_auto_pc_2
INFO: [VRFC 10-311] analyzing module pynq_auto_us_0
INFO: [VRFC 10-311] analyzing module pynq_auto_us_1
INFO: [VRFC 10-311] analyzing module pynq_axi_mem_intercon_0
INFO: [VRFC 10-311] analyzing module pynq_axi_mem_intercon_1_0
INFO: [VRFC 10-311] analyzing module pynq_processing_system7_0_0
INFO: [VRFC 10-311] analyzing module pynq_ps7_0_axi_periph_0
INFO: [VRFC 10-311] analyzing module pynq_rst_ps7_0_50M_0
INFO: [VRFC 10-311] analyzing module pynq_wrapper
INFO: [VRFC 10-311] analyzing module pynq_xbar_0
INFO: [VRFC 10-311] analyzing module s00_couplers_imp_1XRQMC4
INFO: [VRFC 10-311] analyzing module s00_couplers_imp_G3GUWH
INFO: [VRFC 10-311] analyzing module s00_couplers_imp_S9RQ86
INFO: [VRFC 10-311] analyzing module sequence_psr
INFO: [VRFC 10-311] analyzing module upcnt_n
INFO: [VRFC 10-311] analyzing module xpm_cdc_async_rst
INFO: [VRFC 10-311] analyzing module xpm_cdc_async_rst__10
INFO: [VRFC 10-311] analyzing module xpm_cdc_async_rst__6
INFO: [VRFC 10-311] analyzing module xpm_cdc_async_rst__7
INFO: [VRFC 10-311] analyzing module xpm_cdc_async_rst__8
INFO: [VRFC 10-311] analyzing module xpm_cdc_async_rst__9
INFO: [VRFC 10-311] analyzing module dmem
INFO: [VRFC 10-311] analyzing module dmem_10
INFO: [VRFC 10-311] analyzing module dmem_41
INFO: [VRFC 10-311] analyzing module dmem_50
INFO: [VRFC 10-311] analyzing module dmem__parameterized0
INFO: [VRFC 10-311] analyzing module dmem__parameterized0_59
INFO: [VRFC 10-311] analyzing module fifo_generator_ramfifo
INFO: [VRFC 10-311] analyzing module fifo_generator_ramfifo__parameterized0
INFO: [VRFC 10-311] analyzing module fifo_generator_ramfifo__parameterized0__xdcDup__1
INFO: [VRFC 10-311] analyzing module fifo_generator_ramfifo__xdcDup__1
INFO: [VRFC 10-311] analyzing module fifo_generator_ramfifo__xdcDup__2
INFO: [VRFC 10-311] analyzing module fifo_generator_ramfifo__xdcDup__3
INFO: [VRFC 10-311] analyzing module fifo_generator_top
INFO: [VRFC 10-311] analyzing module fifo_generator_top__parameterized0
INFO: [VRFC 10-311] analyzing module fifo_generator_top__parameterized0__xdcDup__1
INFO: [VRFC 10-311] analyzing module fifo_generator_top__xdcDup__1
INFO: [VRFC 10-311] analyzing module fifo_generator_top__xdcDup__2
INFO: [VRFC 10-311] analyzing module fifo_generator_top__xdcDup__3
INFO: [VRFC 10-311] analyzing module fifo_generator_v13_2_5
INFO: [VRFC 10-311] analyzing module fifo_generator_v13_2_5__parameterized0
INFO: [VRFC 10-311] analyzing module fifo_generator_v13_2_5__parameterized0__xdcDup__1
INFO: [VRFC 10-311] analyzing module fifo_generator_v13_2_5__xdcDup__1
INFO: [VRFC 10-311] analyzing module fifo_generator_v13_2_5__xdcDup__2
INFO: [VRFC 10-311] analyzing module fifo_generator_v13_2_5__xdcDup__3
INFO: [VRFC 10-311] analyzing module fifo_generator_v13_2_5_synth
INFO: [VRFC 10-311] analyzing module fifo_generator_v13_2_5_synth__parameterized0
INFO: [VRFC 10-311] analyzing module fifo_generator_v13_2_5_synth__parameterized0__xdcDup__1
INFO: [VRFC 10-311] analyzing module fifo_generator_v13_2_5_synth__xdcDup__1
INFO: [VRFC 10-311] analyzing module fifo_generator_v13_2_5_synth__xdcDup__2
INFO: [VRFC 10-311] analyzing module fifo_generator_v13_2_5_synth__xdcDup__3
INFO: [VRFC 10-311] analyzing module floating_point_v7_1_10
INFO: [VRFC 10-311] analyzing module floating_point_v7_1_10__1
INFO: [VRFC 10-311] analyzing module floating_point_v7_1_10__parameterized1
INFO: [VRFC 10-311] analyzing module floating_point_v7_1_10__parameterized3
INFO: [VRFC 10-311] analyzing module floating_point_v7_1_10__parameterized3__1
INFO: [VRFC 10-311] analyzing module floating_point_v7_1_10__parameterized6
INFO: [VRFC 10-311] analyzing module floating_point_v7_1_10__parameterized8
INFO: [VRFC 10-311] analyzing module memory
INFO: [VRFC 10-311] analyzing module memory_40
INFO: [VRFC 10-311] analyzing module memory_49
INFO: [VRFC 10-311] analyzing module memory_9
INFO: [VRFC 10-311] analyzing module memory__parameterized0
INFO: [VRFC 10-311] analyzing module memory__parameterized0_58
INFO: [VRFC 10-311] analyzing module rd_bin_cntr
INFO: [VRFC 10-311] analyzing module rd_bin_cntr_15
INFO: [VRFC 10-311] analyzing module rd_bin_cntr_22
INFO: [VRFC 10-311] analyzing module rd_bin_cntr_46
INFO: [VRFC 10-311] analyzing module rd_bin_cntr_55
INFO: [VRFC 10-311] analyzing module rd_bin_cntr_64
INFO: [VRFC 10-311] analyzing module rd_fwft
INFO: [VRFC 10-311] analyzing module rd_fwft_13
INFO: [VRFC 10-311] analyzing module rd_fwft_20
INFO: [VRFC 10-311] analyzing module rd_fwft_44
INFO: [VRFC 10-311] analyzing module rd_fwft_53
INFO: [VRFC 10-311] analyzing module rd_fwft_62
INFO: [VRFC 10-311] analyzing module rd_logic
INFO: [VRFC 10-311] analyzing module rd_logic_16
INFO: [VRFC 10-311] analyzing module rd_logic_38
INFO: [VRFC 10-311] analyzing module rd_logic_47
INFO: [VRFC 10-311] analyzing module rd_logic_56
INFO: [VRFC 10-311] analyzing module rd_logic_7
INFO: [VRFC 10-311] analyzing module rd_status_flags_ss
INFO: [VRFC 10-311] analyzing module rd_status_flags_ss_14
INFO: [VRFC 10-311] analyzing module rd_status_flags_ss_21
INFO: [VRFC 10-311] analyzing module rd_status_flags_ss_45
INFO: [VRFC 10-311] analyzing module rd_status_flags_ss_54
INFO: [VRFC 10-311] analyzing module rd_status_flags_ss_63
INFO: [VRFC 10-311] analyzing module reset_blk_ramfifo
INFO: [VRFC 10-311] analyzing module reset_blk_ramfifo__xdcDup__1
INFO: [VRFC 10-311] analyzing module reset_blk_ramfifo__xdcDup__2
INFO: [VRFC 10-311] analyzing module reset_blk_ramfifo__xdcDup__3
INFO: [VRFC 10-311] analyzing module reset_blk_ramfifo__xdcDup__4
INFO: [VRFC 10-311] analyzing module reset_blk_ramfifo__xdcDup__5
INFO: [VRFC 10-311] analyzing module wr_bin_cntr
INFO: [VRFC 10-311] analyzing module wr_bin_cntr_12
INFO: [VRFC 10-311] analyzing module wr_bin_cntr_19
INFO: [VRFC 10-311] analyzing module wr_bin_cntr_43
INFO: [VRFC 10-311] analyzing module wr_bin_cntr_52
INFO: [VRFC 10-311] analyzing module wr_bin_cntr_61
INFO: [VRFC 10-311] analyzing module wr_logic
INFO: [VRFC 10-311] analyzing module wr_logic_17
INFO: [VRFC 10-311] analyzing module wr_logic_39
INFO: [VRFC 10-311] analyzing module wr_logic_48
INFO: [VRFC 10-311] analyzing module wr_logic_57
INFO: [VRFC 10-311] analyzing module wr_logic_8
INFO: [VRFC 10-311] analyzing module wr_status_flags_ss
INFO: [VRFC 10-311] analyzing module wr_status_flags_ss_11
INFO: [VRFC 10-311] analyzing module wr_status_flags_ss_18
INFO: [VRFC 10-311] analyzing module wr_status_flags_ss_42
INFO: [VRFC 10-311] analyzing module wr_status_flags_ss_51
INFO: [VRFC 10-311] analyzing module wr_status_flags_ss_60
INFO: [VRFC 10-311] analyzing module align_add_dsp48e1_sgl
INFO: [VRFC 10-311] analyzing module align_add_dsp48e1_sgl_270
INFO: [VRFC 10-311] analyzing module carry_chain
INFO: [VRFC 10-311] analyzing module carry_chain_327
INFO: [VRFC 10-311] analyzing module carry_chain__parameterized0
INFO: [VRFC 10-311] analyzing module carry_chain__parameterized0_323
INFO: [VRFC 10-311] analyzing module carry_chain__parameterized1
INFO: [VRFC 10-311] analyzing module carry_chain__parameterized10
INFO: [VRFC 10-311] analyzing module carry_chain__parameterized10_129
INFO: [VRFC 10-311] analyzing module carry_chain__parameterized10_134
INFO: [VRFC 10-311] analyzing module carry_chain__parameterized10_139
INFO: [VRFC 10-311] analyzing module carry_chain__parameterized10_143
INFO: [VRFC 10-311] analyzing module carry_chain__parameterized10_149
INFO: [VRFC 10-311] analyzing module carry_chain__parameterized10_154
INFO: [VRFC 10-311] analyzing module carry_chain__parameterized10_164
INFO: [VRFC 10-311] analyzing module carry_chain__parameterized10_169
INFO: [VRFC 10-311] analyzing module carry_chain__parameterized10_174
INFO: [VRFC 10-311] analyzing module carry_chain__parameterized10_179
INFO: [VRFC 10-311] analyzing module carry_chain__parameterized10_184
INFO: [VRFC 10-311] analyzing module carry_chain__parameterized10_185
INFO: [VRFC 10-311] analyzing module carry_chain__parameterized11
INFO: [VRFC 10-311] analyzing module carry_chain__parameterized11_126
INFO: [VRFC 10-311] analyzing module carry_chain__parameterized11_131
INFO: [VRFC 10-311] analyzing module carry_chain__parameterized11_136
INFO: [VRFC 10-311] analyzing module carry_chain__parameterized11_140
INFO: [VRFC 10-311] analyzing module carry_chain__parameterized11_146
INFO: [VRFC 10-311] analyzing module carry_chain__parameterized11_151
INFO: [VRFC 10-311] analyzing module carry_chain__parameterized11_157
INFO: [VRFC 10-311] analyzing module carry_chain__parameterized11_161
INFO: [VRFC 10-311] analyzing module carry_chain__parameterized11_166
INFO: [VRFC 10-311] analyzing module carry_chain__parameterized11_171
INFO: [VRFC 10-311] analyzing module carry_chain__parameterized11_176
INFO: [VRFC 10-311] analyzing module carry_chain__parameterized11_181
INFO: [VRFC 10-311] analyzing module carry_chain__parameterized12
INFO: [VRFC 10-311] analyzing module carry_chain__parameterized12_87
INFO: [VRFC 10-311] analyzing module carry_chain__parameterized13
INFO: [VRFC 10-311] analyzing module carry_chain__parameterized14
INFO: [VRFC 10-311] analyzing module carry_chain__parameterized15
INFO: [VRFC 10-311] analyzing module carry_chain__parameterized16
INFO: [VRFC 10-311] analyzing module carry_chain__parameterized17
INFO: [VRFC 10-311] analyzing module carry_chain__parameterized17_75
INFO: [VRFC 10-311] analyzing module carry_chain__parameterized18
INFO: [VRFC 10-311] analyzing module carry_chain__parameterized19
INFO: [VRFC 10-311] analyzing module carry_chain__parameterized1_218
INFO: [VRFC 10-311] analyzing module carry_chain__parameterized1_307
INFO: [VRFC 10-311] analyzing module carry_chain__parameterized1_313
INFO: [VRFC 10-311] analyzing module carry_chain__parameterized2
INFO: [VRFC 10-311] analyzing module carry_chain__parameterized2_299
INFO: [VRFC 10-311] analyzing module carry_chain__parameterized3
INFO: [VRFC 10-311] analyzing module carry_chain__parameterized3_208
INFO: [VRFC 10-311] analyzing module carry_chain__parameterized3_289
INFO: [VRFC 10-311] analyzing module carry_chain__parameterized3_295
INFO: [VRFC 10-311] analyzing module carry_chain__parameterized4
INFO: [VRFC 10-311] analyzing module carry_chain__parameterized5
INFO: [VRFC 10-311] analyzing module carry_chain__parameterized5_196
INFO: [VRFC 10-311] analyzing module carry_chain__parameterized5_247
INFO: [VRFC 10-311] analyzing module carry_chain__parameterized5_249
INFO: [VRFC 10-311] analyzing module carry_chain__parameterized5_259
INFO: [VRFC 10-311] analyzing module carry_chain__parameterized5_262
INFO: [VRFC 10-311] analyzing module carry_chain__parameterized6
INFO: [VRFC 10-311] analyzing module carry_chain__parameterized6_258
INFO: [VRFC 10-311] analyzing module carry_chain__parameterized7
INFO: [VRFC 10-311] analyzing module carry_chain__parameterized7_197
INFO: [VRFC 10-311] analyzing module carry_chain__parameterized7_260
INFO: [VRFC 10-311] analyzing module carry_chain__parameterized7_263
INFO: [VRFC 10-311] analyzing module carry_chain__parameterized8
INFO: [VRFC 10-311] analyzing module carry_chain__parameterized8_264
INFO: [VRFC 10-311] analyzing module carry_chain__parameterized9
INFO: [VRFC 10-311] analyzing module carry_chain__parameterized9_261
INFO: [VRFC 10-311] analyzing module compare_eq
INFO: [VRFC 10-311] analyzing module compare_eq_251
INFO: [VRFC 10-311] analyzing module compare_eq_im
INFO: [VRFC 10-311] analyzing module compare_eq_im_324
INFO: [VRFC 10-311] analyzing module compare_eq_im__parameterized0
INFO: [VRFC 10-311] analyzing module compare_eq_im__parameterized0_217
INFO: [VRFC 10-311] analyzing module compare_eq_im__parameterized0_306
INFO: [VRFC 10-311] analyzing module compare_eq_im__parameterized0_312
INFO: [VRFC 10-311] analyzing module compare_eq_im__parameterized1
INFO: [VRFC 10-311] analyzing module compare_eq_im__parameterized1_248
INFO: [VRFC 10-311] analyzing module compare_eq_im__parameterized2
INFO: [VRFC 10-311] analyzing module compare_eq_im__parameterized2_257
INFO: [VRFC 10-311] analyzing module compare_eq_im__parameterized3
INFO: [VRFC 10-311] analyzing module compare_eq_im__parameterized3_194
INFO: [VRFC 10-311] analyzing module compare_eq_im__parameterized3_252
INFO: [VRFC 10-311] analyzing module compare_eq_im__parameterized3_255
INFO: [VRFC 10-311] analyzing module compare_gt
INFO: [VRFC 10-311] analyzing module compare_gt_298
INFO: [VRFC 10-311] analyzing module compare_gt__parameterized0
INFO: [VRFC 10-311] analyzing module compare_gt__parameterized0_254
INFO: [VRFC 10-311] analyzing module compare_ne_im
INFO: [VRFC 10-311] analyzing module compare_ne_im_195
INFO: [VRFC 10-311] analyzing module compare_ne_im_253
INFO: [VRFC 10-311] analyzing module compare_ne_im_256
INFO: [VRFC 10-311] analyzing module dsp48e1_wrapper
INFO: [VRFC 10-311] analyzing module dsp48e1_wrapper_322
INFO: [VRFC 10-311] analyzing module dsp48e1_wrapper__parameterized0
INFO: [VRFC 10-311] analyzing module dsp48e1_wrapper__parameterized0_276
INFO: [VRFC 10-311] analyzing module dsp48e1_wrapper__parameterized1
INFO: [VRFC 10-311] analyzing module dsp48e1_wrapper__parameterized2
INFO: [VRFC 10-311] analyzing module dsp48e1_wrapper__parameterized3
INFO: [VRFC 10-311] analyzing module fix_mult
INFO: [VRFC 10-311] analyzing module fix_mult_dsp48e1_sgl
INFO: [VRFC 10-311] analyzing module fix_to_flt_conv
INFO: [VRFC 10-311] analyzing module fix_to_flt_conv_exp
INFO: [VRFC 10-311] analyzing module floating_point_v7_1_10_compare
INFO: [VRFC 10-311] analyzing module floating_point_v7_1_10_compare_292
INFO: [VRFC 10-311] analyzing module floating_point_v7_1_10_delay
INFO: [VRFC 10-311] analyzing module floating_point_v7_1_10_delay_100
INFO: [VRFC 10-311] analyzing module floating_point_v7_1_10_delay_102
INFO: [VRFC 10-311] analyzing module floating_point_v7_1_10_delay_105
INFO: [VRFC 10-311] analyzing module floating_point_v7_1_10_delay_108
INFO: [VRFC 10-311] analyzing module floating_point_v7_1_10_delay_115
INFO: [VRFC 10-311] analyzing module floating_point_v7_1_10_delay_118
INFO: [VRFC 10-311] analyzing module floating_point_v7_1_10_delay_121
INFO: [VRFC 10-311] analyzing module floating_point_v7_1_10_delay_124
INFO: [VRFC 10-311] analyzing module floating_point_v7_1_10_delay_198
INFO: [VRFC 10-311] analyzing module floating_point_v7_1_10_delay_199
INFO: [VRFC 10-311] analyzing module floating_point_v7_1_10_delay_268
INFO: [VRFC 10-311] analyzing module floating_point_v7_1_10_delay_269
INFO: [VRFC 10-311] analyzing module floating_point_v7_1_10_delay_91
INFO: [VRFC 10-311] analyzing module floating_point_v7_1_10_delay_94
INFO: [VRFC 10-311] analyzing module floating_point_v7_1_10_delay_97
INFO: [VRFC 10-311] analyzing module floating_point_v7_1_10_delay__parameterized14
INFO: [VRFC 10-311] analyzing module floating_point_v7_1_10_delay__parameterized14_200
INFO: [VRFC 10-311] analyzing module floating_point_v7_1_10_delay__parameterized14_274
INFO: [VRFC 10-311] analyzing module floating_point_v7_1_10_delay__parameterized18
INFO: [VRFC 10-311] analyzing module floating_point_v7_1_10_delay__parameterized18_211
INFO: [VRFC 10-311] analyzing module floating_point_v7_1_10_delay__parameterized18_212
INFO: [VRFC 10-311] analyzing module floating_point_v7_1_10_delay__parameterized18_215
INFO: [VRFC 10-311] analyzing module floating_point_v7_1_10_delay__parameterized18_216
INFO: [VRFC 10-311] analyzing module floating_point_v7_1_10_delay__parameterized18_284
INFO: [VRFC 10-311] analyzing module floating_point_v7_1_10_delay__parameterized18_304
INFO: [VRFC 10-311] analyzing module floating_point_v7_1_10_delay__parameterized18_305
INFO: [VRFC 10-311] analyzing module floating_point_v7_1_10_delay__parameterized18_310
INFO: [VRFC 10-311] analyzing module floating_point_v7_1_10_delay__parameterized18_311
INFO: [VRFC 10-311] analyzing module floating_point_v7_1_10_delay__parameterized20
INFO: [VRFC 10-311] analyzing module floating_point_v7_1_10_delay__parameterized20_203
INFO: [VRFC 10-311] analyzing module floating_point_v7_1_10_delay__parameterized20_237
INFO: [VRFC 10-311] analyzing module floating_point_v7_1_10_delay__parameterized20_279
INFO: [VRFC 10-311] analyzing module floating_point_v7_1_10_delay__parameterized20_282
INFO: [VRFC 10-311] analyzing module floating_point_v7_1_10_delay__parameterized23
INFO: [VRFC 10-311] analyzing module floating_point_v7_1_10_delay__parameterized23_206
INFO: [VRFC 10-311] analyzing module floating_point_v7_1_10_delay__parameterized23_281
INFO: [VRFC 10-311] analyzing module floating_point_v7_1_10_delay__parameterized23_288
INFO: [VRFC 10-311] analyzing module floating_point_v7_1_10_delay__parameterized24
INFO: [VRFC 10-311] analyzing module floating_point_v7_1_10_delay__parameterized24_293
INFO: [VRFC 10-311] analyzing module floating_point_v7_1_10_delay__parameterized25
INFO: [VRFC 10-311] analyzing module floating_point_v7_1_10_delay__parameterized25_290
INFO: [VRFC 10-311] analyzing module floating_point_v7_1_10_delay__parameterized26
INFO: [VRFC 10-311] analyzing module floating_point_v7_1_10_delay__parameterized26_287
INFO: [VRFC 10-311] analyzing module floating_point_v7_1_10_delay__parameterized28
INFO: [VRFC 10-311] analyzing module floating_point_v7_1_10_delay__parameterized28_291
INFO: [VRFC 10-311] analyzing module floating_point_v7_1_10_delay__parameterized37
INFO: [VRFC 10-311] analyzing module floating_point_v7_1_10_delay__parameterized37_188
INFO: [VRFC 10-311] analyzing module floating_point_v7_1_10_delay__parameterized37_241
INFO: [VRFC 10-311] analyzing module floating_point_v7_1_10_delay__parameterized38
INFO: [VRFC 10-311] analyzing module floating_point_v7_1_10_delay__parameterized38_186
INFO: [VRFC 10-311] analyzing module floating_point_v7_1_10_delay__parameterized38_238
INFO: [VRFC 10-311] analyzing module floating_point_v7_1_10_delay__parameterized38_239
INFO: [VRFC 10-311] analyzing module floating_point_v7_1_10_delay__parameterized38_76
INFO: [VRFC 10-311] analyzing module floating_point_v7_1_10_delay__parameterized39
INFO: [VRFC 10-311] analyzing module floating_point_v7_1_10_delay__parameterized39_240
INFO: [VRFC 10-311] analyzing module floating_point_v7_1_10_delay__parameterized51
INFO: [VRFC 10-311] analyzing module floating_point_v7_1_10_delay__parameterized51_127
INFO: [VRFC 10-311] analyzing module floating_point_v7_1_10_delay__parameterized51_132
INFO: [VRFC 10-311] analyzing module floating_point_v7_1_10_delay__parameterized51_137
INFO: [VRFC 10-311] analyzing module floating_point_v7_1_10_delay__parameterized51_141
INFO: [VRFC 10-311] analyzing module floating_point_v7_1_10_delay__parameterized51_147
INFO: [VRFC 10-311] analyzing module floating_point_v7_1_10_delay__parameterized51_152
INFO: [VRFC 10-311] analyzing module floating_point_v7_1_10_delay__parameterized51_158
INFO: [VRFC 10-311] analyzing module floating_point_v7_1_10_delay__parameterized51_162
INFO: [VRFC 10-311] analyzing module floating_point_v7_1_10_delay__parameterized51_167
INFO: [VRFC 10-311] analyzing module floating_point_v7_1_10_delay__parameterized51_172
INFO: [VRFC 10-311] analyzing module floating_point_v7_1_10_delay__parameterized51_177
INFO: [VRFC 10-311] analyzing module floating_point_v7_1_10_delay__parameterized51_182
INFO: [VRFC 10-311] analyzing module floating_point_v7_1_10_delay__parameterized52
INFO: [VRFC 10-311] analyzing module floating_point_v7_1_10_delay__parameterized52_109
INFO: [VRFC 10-311] analyzing module floating_point_v7_1_10_delay__parameterized52_112
INFO: [VRFC 10-311] analyzing module floating_point_v7_1_10_delay__parameterized53
INFO: [VRFC 10-311] analyzing module floating_point_v7_1_10_delay__parameterized55
INFO: [VRFC 10-311] analyzing module floating_point_v7_1_10_delay__parameterized55_187
INFO: [VRFC 10-311] analyzing module floating_point_v7_1_10_delay__parameterized56
INFO: [VRFC 10-311] analyzing module floating_point_v7_1_10_delay__parameterized57
INFO: [VRFC 10-311] analyzing module floating_point_v7_1_10_delay__parameterized58
INFO: [VRFC 10-311] analyzing module floating_point_v7_1_10_delay__parameterized59
INFO: [VRFC 10-311] analyzing module floating_point_v7_1_10_delay__parameterized60
INFO: [VRFC 10-311] analyzing module floating_point_v7_1_10_delay__parameterized61
INFO: [VRFC 10-311] analyzing module floating_point_v7_1_10_delay__parameterized66
INFO: [VRFC 10-311] analyzing module floating_point_v7_1_10_delay__parameterized66_68
INFO: [VRFC 10-311] analyzing module floating_point_v7_1_10_delay__parameterized66_69
INFO: [VRFC 10-311] analyzing module floating_point_v7_1_10_delay__parameterized66_72
INFO: [VRFC 10-311] analyzing module floating_point_v7_1_10_delay__parameterized67
INFO: [VRFC 10-311] analyzing module floating_point_v7_1_10_delay__parameterized67_74
INFO: [VRFC 10-311] analyzing module floating_point_v7_1_10_delay__parameterized73
INFO: [VRFC 10-311] analyzing module floating_point_v7_1_10_delay__parameterized9
INFO: [VRFC 10-311] analyzing module floating_point_v7_1_10_delay__parameterized9_202
INFO: [VRFC 10-311] analyzing module floating_point_v7_1_10_delay__parameterized9_204
INFO: [VRFC 10-311] analyzing module floating_point_v7_1_10_delay__parameterized9_207
INFO: [VRFC 10-311] analyzing module floating_point_v7_1_10_delay__parameterized9_226
INFO: [VRFC 10-311] analyzing module floating_point_v7_1_10_delay__parameterized9_275
INFO: [VRFC 10-311] analyzing module floating_point_v7_1_10_delay__parameterized9_280
INFO: [VRFC 10-311] analyzing module floating_point_v7_1_10_delay__parameterized9_283
INFO: [VRFC 10-311] analyzing module floating_point_v7_1_10_delay__parameterized9_294
INFO: [VRFC 10-311] analyzing module floating_point_v7_1_10_delay__parameterized9_325
INFO: [VRFC 10-311] analyzing module floating_point_v7_1_10_viv
INFO: [VRFC 10-311] analyzing module floating_point_v7_1_10_viv__1
INFO: [VRFC 10-311] analyzing module floating_point_v7_1_10_viv__parameterized1
INFO: [VRFC 10-311] analyzing module floating_point_v7_1_10_viv__parameterized3
INFO: [VRFC 10-311] analyzing module floating_point_v7_1_10_viv__parameterized3__1
INFO: [VRFC 10-311] analyzing module floating_point_v7_1_10_viv__parameterized5
INFO: [VRFC 10-311] analyzing module floating_point_v7_1_10_viv__parameterized7
INFO: [VRFC 10-311] analyzing module flt_add
INFO: [VRFC 10-311] analyzing module flt_add_265
INFO: [VRFC 10-311] analyzing module flt_add_dsp
INFO: [VRFC 10-311] analyzing module flt_add_dsp_267
INFO: [VRFC 10-311] analyzing module flt_add_exp_sp
INFO: [VRFC 10-311] analyzing module flt_add_exp_sp_271
INFO: [VRFC 10-311] analyzing module flt_dec_op__parameterized0
INFO: [VRFC 10-311] analyzing module flt_dec_op_lat
INFO: [VRFC 10-311] analyzing module flt_dec_op_lat__parameterized0
INFO: [VRFC 10-311] analyzing module flt_div
INFO: [VRFC 10-311] analyzing module flt_div_exp
INFO: [VRFC 10-311] analyzing module flt_div_mant
INFO: [VRFC 10-311] analyzing module flt_div_mant_addsub
INFO: [VRFC 10-311] analyzing module flt_div_mant_addsub_103
INFO: [VRFC 10-311] analyzing module flt_div_mant_addsub_106
INFO: [VRFC 10-311] analyzing module flt_div_mant_addsub_110
INFO: [VRFC 10-311] analyzing module flt_div_mant_addsub_113
INFO: [VRFC 10-311] analyzing module flt_div_mant_addsub_116
INFO: [VRFC 10-311] analyzing module flt_div_mant_addsub_119
INFO: [VRFC 10-311] analyzing module flt_div_mant_addsub_122
INFO: [VRFC 10-311] analyzing module flt_div_mant_addsub_88
INFO: [VRFC 10-311] analyzing module flt_div_mant_addsub_89
INFO: [VRFC 10-311] analyzing module flt_div_mant_addsub_92
INFO: [VRFC 10-311] analyzing module flt_div_mant_addsub_95
INFO: [VRFC 10-311] analyzing module flt_div_mant_addsub_98
INFO: [VRFC 10-311] analyzing module flt_div_mant_addsub__parameterized0
INFO: [VRFC 10-311] analyzing module flt_div_mant_addsub__parameterized0_101
INFO: [VRFC 10-311] analyzing module flt_div_mant_addsub__parameterized0_104
INFO: [VRFC 10-311] analyzing module flt_div_mant_addsub__parameterized0_107
INFO: [VRFC 10-311] analyzing module flt_div_mant_addsub__parameterized0_111
INFO: [VRFC 10-311] analyzing module flt_div_mant_addsub__parameterized0_114
INFO: [VRFC 10-311] analyzing module flt_div_mant_addsub__parameterized0_117
INFO: [VRFC 10-311] analyzing module flt_div_mant_addsub__parameterized0_120
INFO: [VRFC 10-311] analyzing module flt_div_mant_addsub__parameterized0_123
INFO: [VRFC 10-311] analyzing module flt_div_mant_addsub__parameterized0_90
INFO: [VRFC 10-311] analyzing module flt_div_mant_addsub__parameterized0_93
INFO: [VRFC 10-311] analyzing module flt_div_mant_addsub__parameterized0_96
INFO: [VRFC 10-311] analyzing module flt_div_mant_addsub__parameterized0_99
INFO: [VRFC 10-311] analyzing module flt_mult
INFO: [VRFC 10-311] analyzing module flt_mult_exp
INFO: [VRFC 10-311] analyzing module flt_mult_round
INFO: [VRFC 10-311] analyzing module flt_round_bit
INFO: [VRFC 10-311] analyzing module flt_round_bit_86
INFO: [VRFC 10-311] analyzing module flt_round_dsp_opt_full
INFO: [VRFC 10-311] analyzing module fp_cmp
INFO: [VRFC 10-311] analyzing module fp_cmp_250
INFO: [VRFC 10-311] analyzing module lead_zero_encode
INFO: [VRFC 10-311] analyzing module lead_zero_encode_shift
INFO: [VRFC 10-311] analyzing module lead_zero_encode_shift_273
INFO: [VRFC 10-311] analyzing module mux4__parameterized1
INFO: [VRFC 10-311] analyzing module mux4__parameterized2
INFO: [VRFC 10-311] analyzing module norm_and_round_dsp48e1_sgl
INFO: [VRFC 10-311] analyzing module norm_and_round_dsp48e1_sgl_272
INFO: [VRFC 10-311] analyzing module norm_zero_det
INFO: [VRFC 10-311] analyzing module renorm_and_round_logic
INFO: [VRFC 10-311] analyzing module renorm_and_round_logic__parameterized0
INFO: [VRFC 10-311] analyzing module shift_msb_first
INFO: [VRFC 10-311] analyzing module special_detect
INFO: [VRFC 10-311] analyzing module special_detect_205
INFO: [VRFC 10-311] analyzing module special_detect_285
INFO: [VRFC 10-311] analyzing module special_detect_286
INFO: [VRFC 10-311] analyzing module special_detect__parameterized0
INFO: [VRFC 10-311] analyzing module special_detect__parameterized0_236
INFO: [VRFC 10-311] analyzing module xbip_pipe_v3_0_6_viv
INFO: [VRFC 10-311] analyzing module xbip_pipe_v3_0_6_viv_266
INFO: [VRFC 10-311] analyzing module xbip_pipe_v3_0_6_viv__parameterized1
INFO: [VRFC 10-311] analyzing module xbip_pipe_v3_0_6_viv__parameterized100
INFO: [VRFC 10-311] analyzing module xbip_pipe_v3_0_6_viv__parameterized103
INFO: [VRFC 10-311] analyzing module xbip_pipe_v3_0_6_viv__parameterized107
INFO: [VRFC 10-311] analyzing module xbip_pipe_v3_0_6_viv__parameterized107_70
INFO: [VRFC 10-311] analyzing module xbip_pipe_v3_0_6_viv__parameterized107_71
INFO: [VRFC 10-311] analyzing module xbip_pipe_v3_0_6_viv__parameterized107_73
INFO: [VRFC 10-311] analyzing module xbip_pipe_v3_0_6_viv__parameterized109
INFO: [VRFC 10-311] analyzing module xbip_pipe_v3_0_6_viv__parameterized109_78
INFO: [VRFC 10-311] analyzing module xbip_pipe_v3_0_6_viv__parameterized115
INFO: [VRFC 10-311] analyzing module xbip_pipe_v3_0_6_viv__parameterized17
INFO: [VRFC 10-311] analyzing module xbip_pipe_v3_0_6_viv__parameterized17_209
INFO: [VRFC 10-311] analyzing module xbip_pipe_v3_0_6_viv__parameterized17_222
INFO: [VRFC 10-311] analyzing module xbip_pipe_v3_0_6_viv__parameterized17_224
INFO: [VRFC 10-311] analyzing module xbip_pipe_v3_0_6_viv__parameterized17_227
INFO: [VRFC 10-311] analyzing module xbip_pipe_v3_0_6_viv__parameterized17_277
INFO: [VRFC 10-311] analyzing module xbip_pipe_v3_0_6_viv__parameterized17_296
INFO: [VRFC 10-311] analyzing module xbip_pipe_v3_0_6_viv__parameterized17_317
INFO: [VRFC 10-311] analyzing module xbip_pipe_v3_0_6_viv__parameterized17_320
INFO: [VRFC 10-311] analyzing module xbip_pipe_v3_0_6_viv__parameterized17_326
INFO: [VRFC 10-311] analyzing module xbip_pipe_v3_0_6_viv__parameterized1_125
INFO: [VRFC 10-311] analyzing module xbip_pipe_v3_0_6_viv__parameterized1_130
INFO: [VRFC 10-311] analyzing module xbip_pipe_v3_0_6_viv__parameterized1_135
INFO: [VRFC 10-311] analyzing module xbip_pipe_v3_0_6_viv__parameterized1_145
INFO: [VRFC 10-311] analyzing module xbip_pipe_v3_0_6_viv__parameterized1_150
INFO: [VRFC 10-311] analyzing module xbip_pipe_v3_0_6_viv__parameterized1_156
INFO: [VRFC 10-311] analyzing module xbip_pipe_v3_0_6_viv__parameterized1_160
INFO: [VRFC 10-311] analyzing module xbip_pipe_v3_0_6_viv__parameterized1_165
INFO: [VRFC 10-311] analyzing module xbip_pipe_v3_0_6_viv__parameterized1_170
INFO: [VRFC 10-311] analyzing module xbip_pipe_v3_0_6_viv__parameterized1_175
INFO: [VRFC 10-311] analyzing module xbip_pipe_v3_0_6_viv__parameterized1_180
INFO: [VRFC 10-311] analyzing module xbip_pipe_v3_0_6_viv__parameterized1_228
INFO: [VRFC 10-311] analyzing module xbip_pipe_v3_0_6_viv__parameterized1_229
INFO: [VRFC 10-311] analyzing module xbip_pipe_v3_0_6_viv__parameterized1_328
INFO: [VRFC 10-311] analyzing module xbip_pipe_v3_0_6_viv__parameterized1_329
INFO: [VRFC 10-311] analyzing module xbip_pipe_v3_0_6_viv__parameterized27
INFO: [VRFC 10-311] analyzing module xbip_pipe_v3_0_6_viv__parameterized27_201
INFO: [VRFC 10-311] analyzing module xbip_pipe_v3_0_6_viv__parameterized27_278
INFO: [VRFC 10-311] analyzing module xbip_pipe_v3_0_6_viv__parameterized31
INFO: [VRFC 10-311] analyzing module xbip_pipe_v3_0_6_viv__parameterized31_190
INFO: [VRFC 10-311] analyzing module xbip_pipe_v3_0_6_viv__parameterized31_213
INFO: [VRFC 10-311] analyzing module xbip_pipe_v3_0_6_viv__parameterized31_214
INFO: [VRFC 10-311] analyzing module xbip_pipe_v3_0_6_viv__parameterized31_219
INFO: [VRFC 10-311] analyzing module xbip_pipe_v3_0_6_viv__parameterized31_220
INFO: [VRFC 10-311] analyzing module xbip_pipe_v3_0_6_viv__parameterized31_221
INFO: [VRFC 10-311] analyzing module xbip_pipe_v3_0_6_viv__parameterized31_244
INFO: [VRFC 10-311] analyzing module xbip_pipe_v3_0_6_viv__parameterized31_245
INFO: [VRFC 10-311] analyzing module xbip_pipe_v3_0_6_viv__parameterized31_308
INFO: [VRFC 10-311] analyzing module xbip_pipe_v3_0_6_viv__parameterized31_309
INFO: [VRFC 10-311] analyzing module xbip_pipe_v3_0_6_viv__parameterized31_314
INFO: [VRFC 10-311] analyzing module xbip_pipe_v3_0_6_viv__parameterized31_315
INFO: [VRFC 10-311] analyzing module xbip_pipe_v3_0_6_viv__parameterized31_316
INFO: [VRFC 10-311] analyzing module xbip_pipe_v3_0_6_viv__parameterized31_77
INFO: [VRFC 10-311] analyzing module xbip_pipe_v3_0_6_viv__parameterized33
INFO: [VRFC 10-311] analyzing module xbip_pipe_v3_0_6_viv__parameterized33_225
INFO: [VRFC 10-311] analyzing module xbip_pipe_v3_0_6_viv__parameterized33_246
INFO: [VRFC 10-311] analyzing module xbip_pipe_v3_0_6_viv__parameterized33_318
INFO: [VRFC 10-311] analyzing module xbip_pipe_v3_0_6_viv__parameterized33_321
INFO: [VRFC 10-311] analyzing module xbip_pipe_v3_0_6_viv__parameterized37
INFO: [VRFC 10-311] analyzing module xbip_pipe_v3_0_6_viv__parameterized37_223
INFO: [VRFC 10-311] analyzing module xbip_pipe_v3_0_6_viv__parameterized37_302
INFO: [VRFC 10-311] analyzing module xbip_pipe_v3_0_6_viv__parameterized37_319
INFO: [VRFC 10-311] analyzing module xbip_pipe_v3_0_6_viv__parameterized39
INFO: [VRFC 10-311] analyzing module xbip_pipe_v3_0_6_viv__parameterized39_297
INFO: [VRFC 10-311] analyzing module xbip_pipe_v3_0_6_viv__parameterized41
INFO: [VRFC 10-311] analyzing module xbip_pipe_v3_0_6_viv__parameterized41_210
INFO: [VRFC 10-311] analyzing module xbip_pipe_v3_0_6_viv__parameterized41_301
INFO: [VRFC 10-311] analyzing module xbip_pipe_v3_0_6_viv__parameterized41_303
INFO: [VRFC 10-311] analyzing module xbip_pipe_v3_0_6_viv__parameterized45
INFO: [VRFC 10-311] analyzing module xbip_pipe_v3_0_6_viv__parameterized45_300
INFO: [VRFC 10-311] analyzing module xbip_pipe_v3_0_6_viv__parameterized56
INFO: [VRFC 10-311] analyzing module xbip_pipe_v3_0_6_viv__parameterized62
INFO: [VRFC 10-311] analyzing module xbip_pipe_v3_0_6_viv__parameterized62_189
INFO: [VRFC 10-311] analyzing module xbip_pipe_v3_0_6_viv__parameterized62_242
INFO: [VRFC 10-311] analyzing module xbip_pipe_v3_0_6_viv__parameterized64
INFO: [VRFC 10-311] analyzing module xbip_pipe_v3_0_6_viv__parameterized64_243
INFO: [VRFC 10-311] analyzing module xbip_pipe_v3_0_6_viv__parameterized78
INFO: [VRFC 10-311] analyzing module xbip_pipe_v3_0_6_viv__parameterized86
INFO: [VRFC 10-311] analyzing module xbip_pipe_v3_0_6_viv__parameterized86_128
INFO: [VRFC 10-311] analyzing module xbip_pipe_v3_0_6_viv__parameterized86_133
INFO: [VRFC 10-311] analyzing module xbip_pipe_v3_0_6_viv__parameterized86_138
INFO: [VRFC 10-311] analyzing module xbip_pipe_v3_0_6_viv__parameterized86_142
INFO: [VRFC 10-311] analyzing module xbip_pipe_v3_0_6_viv__parameterized86_148
INFO: [VRFC 10-311] analyzing module xbip_pipe_v3_0_6_viv__parameterized86_153
INFO: [VRFC 10-311] analyzing module xbip_pipe_v3_0_6_viv__parameterized86_159
INFO: [VRFC 10-311] analyzing module xbip_pipe_v3_0_6_viv__parameterized86_163
INFO: [VRFC 10-311] analyzing module xbip_pipe_v3_0_6_viv__parameterized86_168
INFO: [VRFC 10-311] analyzing module xbip_pipe_v3_0_6_viv__parameterized86_173
INFO: [VRFC 10-311] analyzing module xbip_pipe_v3_0_6_viv__parameterized86_178
INFO: [VRFC 10-311] analyzing module xbip_pipe_v3_0_6_viv__parameterized86_183
INFO: [VRFC 10-311] analyzing module xbip_pipe_v3_0_6_viv__parameterized88
INFO: [VRFC 10-311] analyzing module xbip_pipe_v3_0_6_viv__parameterized88_144
INFO: [VRFC 10-311] analyzing module xbip_pipe_v3_0_6_viv__parameterized88_155
INFO: [VRFC 10-311] analyzing module xbip_pipe_v3_0_6_viv__parameterized90
INFO: [VRFC 10-311] analyzing module xbip_pipe_v3_0_6_viv__parameterized92
INFO: [VRFC 10-311] analyzing module xbip_pipe_v3_0_6_viv__parameterized92_191
INFO: [VRFC 10-311] analyzing module xbip_pipe_v3_0_6_viv__parameterized92_193
INFO: [VRFC 10-311] analyzing module xbip_pipe_v3_0_6_viv__parameterized94
INFO: [VRFC 10-311] analyzing module xbip_pipe_v3_0_6_viv__parameterized96
INFO: [VRFC 10-311] analyzing module xbip_pipe_v3_0_6_viv__parameterized96_192
INFO: [VRFC 10-311] analyzing module xbip_pipe_v3_0_6_viv__parameterized98
INFO: [VRFC 10-311] analyzing module glbl
