@I [HLS-0] Workspace C:/Users/luojiawei/Desktop/pynq_1/ip/Conv/solution1 opened at Sun Sep 06 19:48:04 +0100 2020
@I [HLS-100] Command "config_clock -quiet -name default -period 100 -default=false "
@I [SYN-201] Setting up clock 'default' with a period of 100ns.
@I [HLS-100] Command 'config_clock' returned 0; elapsed 0Total elapsed time: 0.889 sec.
@I [HLS-100] Command "open_platform DefaultPlatform "
@I [HLS-100] Command 'open_platform' returned 0; elapsed 0Total elapsed time: 0.906 sec.
@I [HLS-100] Command "import_lib C:/Xilinx/Vivado_HLS/2016.1/common/technology/xilinx/zynq/zynq "
@I [HLS-100] Command "source C:/Xilinx/Vivado_HLS/2016.1/common/technology/xilinx/common/xilinx.lib "
@I [HLS-100] Command "source C:/Xilinx/Vivado_HLS/2016.1/common/technology/xilinx/interface/xilinx_interface.lib "
@I [HLS-100] Command "source C:/Xilinx/Vivado_HLS/2016.1/common/technology/xilinx/interface/plb46.lib "
@I [HLS-100] Command 'ap_source' returned 0; elapsed 0Total elapsed time: 0.906 sec.
@I [HLS-100] Command "source C:/Xilinx/Vivado_HLS/2016.1/common/technology/xilinx/interface/fsl.lib "
@I [HLS-100] Command 'ap_source' returned 0; elapsed 0Total elapsed time: 0.906 sec.
@I [HLS-100] Command "source C:/Xilinx/Vivado_HLS/2016.1/common/technology/xilinx/interface/axi4.lib "
@I [HLS-100] Command 'ap_source' returned 0; elapsed 0Total elapsed time: 0.906 sec.
@I [HLS-100] Command "source C:/Xilinx/Vivado_HLS/2016.1/common/technology/xilinx/interface/maxi.lib "
@I [HLS-100] Command 'ap_source' returned 0; elapsed 0Total elapsed time: 0.906 sec.
@I [HLS-100] Command "source C:/Xilinx/Vivado_HLS/2016.1/common/technology/xilinx/interface/saxilite.lib "
@I [HLS-100] Command 'ap_source' returned 0; elapsed 0Total elapsed time: 0.906 sec.
@I [HLS-100] Command 'ap_source' returned 0; elapsed 0Total elapsed time: 0.906 sec.
@I [HLS-100] Command "source C:/Xilinx/Vivado_HLS/2016.1/common/technology/xilinx/common/dsp48.lib "
@I [HLS-100] Command 'ap_source' returned 0; elapsed 0Total elapsed time: 0.906 sec.
@I [HLS-100] Command "source C:/Xilinx/Vivado_HLS/2016.1/common/technology/xilinx/ip/dds_compiler.lib "
@I [HLS-100] Command 'ap_source' returned 0; elapsed 0Total elapsed time: 0.906 sec.
@I [HLS-100] Command "source C:/Xilinx/Vivado_HLS/2016.1/common/technology/xilinx/ip/xfft.lib "
@I [HLS-100] Command 'ap_source' returned 0; elapsed 0Total elapsed time: 0.906 sec.
@I [HLS-100] Command "source C:/Xilinx/Vivado_HLS/2016.1/common/technology/xilinx/ip/xfir.lib "
@I [HLS-100] Command 'ap_source' returned 0; elapsed 0Total elapsed time: 0.906 sec.
@I [HLS-100] Command 'ap_source' returned 0; elapsed 0Total elapsed time: 0.906 sec.
@I [HLS-100] Command "source C:/Xilinx/Vivado_HLS/2016.1/common/technology/xilinx/common/xilinx_old.lib "
@I [HLS-100] Command 'ap_source' returned 0; elapsed 0Total elapsed time: 0.906 sec.
@I [HLS-100] Command "source C:/Xilinx/Vivado_HLS/2016.1/common/technology/xilinx/common/xilinx_vivado.lib "
@I [HLS-100] Command 'ap_source' returned 0; elapsed 0Total elapsed time: 0.906 sec.
@I [HLS-100] Command "source C:/Xilinx/Vivado_HLS/2016.1/common/technology/xilinx/common/xilinx.hlp "
@I [HLS-100] Command "source C:/Xilinx/Vivado_HLS/2016.1/common/technology/xilinx/common/target_info.tcl "
@I [HLS-100] Command 'ap_source' returned 0; elapsed 0Total elapsed time: 0.906 sec.
@I [HLS-100] Command "source C:/Xilinx/Vivado_HLS/2016.1/common/technology/xilinx/interface/xilinx_interface.hlp "
@I [HLS-100] Command "source C:/Xilinx/Vivado_HLS/2016.1/common/technology/xilinx/interface/maxi.hlp "
@I [HLS-100] Command 'ap_source' returned 0; elapsed 0Total elapsed time: 0.906 sec.
@I [HLS-100] Command "source C:/Xilinx/Vivado_HLS/2016.1/common/technology/xilinx/interface/saxilite.hlp "
@I [HLS-100] Command 'ap_source' returned 0; elapsed 0Total elapsed time: 0.906 sec.
@I [HLS-100] Command 'ap_source' returned 0; elapsed 0Total elapsed time: 0.906 sec.
@I [HLS-100] Command "source C:/Xilinx/Vivado_HLS/2016.1/common/technology/xilinx/common/dsp48.hlp "
@I [HLS-100] Command 'ap_source' returned 0; elapsed 0Total elapsed time: 0.906 sec.
@I [HLS-100] Command 'ap_source' returned 0; elapsed 0Total elapsed time: 0.906 sec.
@I [HLS-100] Command "source C:/Xilinx/Vivado_HLS/2016.1/common/technology/xilinx/zynq/dsp48e1.hlp "
@I [HLS-100] Command 'ap_source' returned 0; elapsed 0Total elapsed time: 0.906 sec.
@I [HLS-100] Command "get_default_platform "
@I [HLS-100] Command 'get_default_platform' returned 0; elapsed 0Total elapsed time: 0.906 sec.
@I [HLS-100] Command "config_chip_info -quiet -resource  {SLICE 13300}  {LUT 53200}     {FF 106400} {DSP48E 220}   {BRAM 280}  "
@I [HLS-100] Command 'config_chip_info' returned 0; elapsed 0Total elapsed time: 0.906 sec.
@I [HLS-100] Command "config_chip_info -quiet -speed medium "
@I [HLS-100] Command 'config_chip_info' returned 0; elapsed 0Total elapsed time: 0.906 sec.
@I [HLS-100] Command 'import_lib' returned 0; elapsed 0Total elapsed time: 0.906 sec.
@I [HLS-100] Command "source C:/Xilinx/Vivado_HLS/2016.1/common/technology/xilinx/zynq/zynq.gen "
@I [HLS-100] Command "source C:/Xilinx/Vivado_HLS/2016.1/common/technology/xilinx/common/virtex.gen "
@I [HLS-100] Command "source C:/Xilinx/Vivado_HLS/2016.1/common/technology/xilinx/common/xilinx.gen "
@I [HLS-100] Command "source C:/Xilinx/Vivado_HLS/2016.1/common/technology/xilinx/interface/plb46.gen "
@I [HLS-100] Command 'ap_source' returned 0; elapsed 0.016Total elapsed time: 0.922 sec.
@I [HLS-100] Command "source C:/Xilinx/Vivado_HLS/2016.1/common/technology/xilinx/interface/fsl.gen "
@I [HLS-100] Command 'ap_source' returned 0; elapsed 0Total elapsed time: 0.922 sec.
@I [HLS-100] Command "source C:/Xilinx/Vivado_HLS/2016.1/common/technology/xilinx/interface/axi4.gen "
@I [HLS-100] Command 'ap_source' returned 0; elapsed 0Total elapsed time: 0.922 sec.
@I [HLS-100] Command "source C:/Xilinx/Vivado_HLS/2016.1/common/technology/xilinx/interface/nativeAXI4.gen "
@I [HLS-100] Command "source C:/Xilinx/Vivado_HLS/2016.1/common/technology/xilinx/interface/saxilite.gen "
@I [HLS-100] Command 'ap_source' returned 0; elapsed 0Total elapsed time: 0.922 sec.
@I [HLS-100] Command "source C:/Xilinx/Vivado_HLS/2016.1/common/technology/xilinx/interface/maxi.gen "
@I [HLS-100] Command 'ap_source' returned 0; elapsed 0Total elapsed time: 0.922 sec.
@I [HLS-100] Command 'ap_source' returned 0; elapsed 0Total elapsed time: 0.922 sec.
@I [HLS-100] Command "source C:/Xilinx/Vivado_HLS/2016.1/common/technology/xilinx/scripts/xilinxcoregen.gen "
@I [HLS-100] Command 'ap_source' returned 0; elapsed 0.015Total elapsed time: 0.936 sec.
@I [HLS-100] Command "source C:/Xilinx/Vivado_HLS/2016.1/common/technology/xilinx/interface/XilEDKCoreGen.gen "
@I [HLS-100] Command 'ap_source' returned 0; elapsed 0Total elapsed time: 0.936 sec.
@I [HLS-100] Command "source C:/Xilinx/Vivado_HLS/2016.1/common/technology/xilinx/ip/dds_compiler.gen "
@I [HLS-100] Command 'ap_source' returned 0; elapsed 0.016Total elapsed time: 0.952 sec.
@I [HLS-100] Command "source C:/Xilinx/Vivado_HLS/2016.1/common/technology/xilinx/ip/util.gen "
@I [HLS-100] Command 'ap_source' returned 0; elapsed 0Total elapsed time: 0.952 sec.
@I [HLS-100] Command "source C:/Xilinx/Vivado_HLS/2016.1/common/technology/xilinx/ip/xfft.gen "
@I [HLS-100] Command 'ap_source' returned 0; elapsed 0.079Total elapsed time: 1.31 sec.
@I [HLS-100] Command "source C:/Xilinx/Vivado_HLS/2016.1/common/technology/xilinx/ip/xfir.gen "
@I [HLS-100] Command 'ap_source' returned 0; elapsed 0Total elapsed time: 1.31 sec.
@I [HLS-100] Command 'ap_source' returned 0; elapsed 0.126Total elapsed time: 1.31 sec.
@I [HLS-100] Command "source C:/Xilinx/Vivado_HLS/2016.1/common/technology/xilinx/common/dsp48.gen "
@I [HLS-100] Command 'ap_source' returned 0; elapsed 0Total elapsed time: 1.31 sec.
@I [HLS-100] Command 'ap_source' returned 0; elapsed 0.126Total elapsed time: 1.31 sec.
@I [HLS-100] Command 'ap_source' returned 0; elapsed 0.126Total elapsed time: 1.31 sec.
@I [HLS-100] Command "open_platform DefaultPlatform "
@I [HLS-100] Command 'open_platform' returned 0; elapsed 0Total elapsed time: 1.31 sec.
@I [HLS-100] Command "import_lib C:/Xilinx/Vivado_HLS/2016.1/common/technology/xilinx/zynq/zynq_fpv6 "
@I [HLS-100] Command "source C:/Xilinx/Vivado_HLS/2016.1/common/technology/xilinx/common/xilinx_fpv7.lib "
@I [HLS-100] Command "source C:/Xilinx/Vivado_HLS/2016.1/common/technology/xilinx/common/xilinx_hp.lib "
@I [HLS-100] Command 'ap_source' returned 0; elapsed 0Total elapsed time: 1.31 sec.
@I [HLS-100] Command 'ap_source' returned 0; elapsed 0Total elapsed time: 1.31 sec.
@I [HLS-100] Command "source C:/Xilinx/Vivado_HLS/2016.1/common/technology/xilinx/common/xilinx_fpv.hlp "
@I [HLS-100] Command "source C:/Xilinx/Vivado_HLS/2016.1/common/technology/xilinx/common/xilinx.hlp "
@I [HLS-100] Command "source C:/Xilinx/Vivado_HLS/2016.1/common/technology/xilinx/common/target_info.tcl "
@I [HLS-100] Command 'ap_source' returned 0; elapsed 0.014Total elapsed time: 1.46 sec.
@I [HLS-100] Command "source C:/Xilinx/Vivado_HLS/2016.1/common/technology/xilinx/interface/xilinx_interface.hlp "
@I [HLS-100] Command "source C:/Xilinx/Vivado_HLS/2016.1/common/technology/xilinx/interface/maxi.hlp "
@I [HLS-100] Command 'ap_source' returned 0; elapsed 0Total elapsed time: 1.46 sec.
@I [HLS-100] Command "source C:/Xilinx/Vivado_HLS/2016.1/common/technology/xilinx/interface/saxilite.hlp "
@I [HLS-100] Command 'ap_source' returned 0; elapsed 0Total elapsed time: 1.46 sec.
@I [HLS-100] Command 'ap_source' returned 0; elapsed 0Total elapsed time: 1.46 sec.
@I [HLS-100] Command "source C:/Xilinx/Vivado_HLS/2016.1/common/technology/xilinx/common/dsp48.hlp "
@I [HLS-100] Command 'ap_source' returned 0; elapsed 0Total elapsed time: 1.46 sec.
@I [HLS-100] Command 'ap_source' returned 0; elapsed 0.014Total elapsed time: 1.46 sec.
@I [HLS-100] Command 'ap_source' returned 0; elapsed 0.014Total elapsed time: 1.46 sec.
@I [HLS-100] Command "source C:/Xilinx/Vivado_HLS/2016.1/common/technology/xilinx/zynq/zynq_hp.hlp "
@I [HLS-100] Command 'ap_source' returned 0; elapsed 0Total elapsed time: 1.46 sec.
@I [HLS-100] Command 'import_lib' returned 0; elapsed 0.014Total elapsed time: 1.46 sec.
@I [HLS-100] Command "source C:/Xilinx/Vivado_HLS/2016.1/common/technology/xilinx/zynq/zynq_fpv6.gen "
@I [HLS-100] Command "source C:/Xilinx/Vivado_HLS/2016.1/common/technology/xilinx/common/xilinx_fpv6.gen "
@I [HLS-100] Command 'ap_source' returned 0; elapsed 0Total elapsed time: 1.46 sec.
@I [HLS-100] Command 'ap_source' returned 0; elapsed 0Total elapsed time: 1.46 sec.
@I [HLS-100] Command "set_part xc7z020clg400-1 "
@I [HLS-100] Command "add_library xilinx/zynq/zynq:xc7z020:clg400:-1 "
@I [HLS-100] Command "get_default_platform "
@I [HLS-100] Command 'get_default_platform' returned 0; elapsed 0Total elapsed time: 1.46 sec.
@I [HLS-100] Command "license_isbetapart xc7z020 "
@I [HLS-100] Command 'license_isbetapart' returned 1; elapsed 0.032Total elapsed time: 1.77 sec.
@I [HLS-100] Command "get_default_platform "
@I [HLS-100] Command 'get_default_platform' returned 0; elapsed 0Total elapsed time: 1.77 sec.
@I [HLS-100] Command "config_chip_info -quiet -resource  {SLICE 13300}  {LUT 53200}     {FF 106400} {DSP48E 220}   {BRAM 280}  "
@I [HLS-100] Command 'config_chip_info' returned 0; elapsed 0Total elapsed time: 1.77 sec.
@I [HLS-100] Command "config_chip_info -quiet -speed slow "
@I [HLS-100] Command 'config_chip_info' returned 0; elapsed 0Total elapsed time: 1.77 sec.
@I [HLS-100] Command 'add_library' returned 0; elapsed 0.032Total elapsed time: 1.77 sec.
@I [HLS-100] Command "add_library xilinx/zynq/zynq_fpv6 "
@I [HLS-100] Command "get_default_platform "
@I [HLS-100] Command 'get_default_platform' returned 0; elapsed 0Total elapsed time: 1.77 sec.
@I [HLS-100] Command 'add_library' returned 0; elapsed 0Total elapsed time: 1.77 sec.
@I [HLS-10] Setting target device to 'xc7z020clg400-1'
@I [HLS-100] Command 'set_part' returned 0; elapsed 0.032Total elapsed time: 1.77 sec.
@I [HLS-100] Command "get_default_platform "
@I [HLS-100] Command 'get_default_platform' returned 0; elapsed 0Total elapsed time: 1.77 sec.
@I [HLS-100] Command "config_chip_info -quiet -resource  {SLICE 13300}  {LUT 53200}     {FF 106400} {DSP48E 220}   {BRAM 280}  "
@I [HLS-100] Command 'config_chip_info' returned 0; elapsed 0Total elapsed time: 1.77 sec.
@I [HLS-100] Command "config_chip_info -quiet -speed slow "
@I [HLS-100] Command 'config_chip_info' returned 0; elapsed 0Total elapsed time: 1.77 sec.
@I [HLS-100] Command 'open_solution' returned 0; elapsed 0.203Total elapsed time: 1.77 sec.
@I [HLS-100] Command "set_part xc7z020clg400-1 -tool vivado "
@I [HLS-100] Command "add_library xilinx/zynq/zynq:xc7z020:clg400:-1 "
@I [HLS-100] Command "get_default_platform "
@I [HLS-100] Command 'get_default_platform' returned 0; elapsed 0Total elapsed time: 1.92 sec.
@I [HLS-100] Command "license_isbetapart xc7z020 "
@I [HLS-100] Command 'license_isbetapart' returned 1; elapsed 0Total elapsed time: 1.92 sec.
@I [HLS-100] Command "get_default_platform "
@I [HLS-100] Command 'get_default_platform' returned 0; elapsed 0Total elapsed time: 1.92 sec.
@I [HLS-100] Command "config_chip_info -quiet -resource  {SLICE 13300}  {LUT 53200}     {FF 106400} {DSP48E 220}   {BRAM 280}  "
@I [HLS-100] Command 'config_chip_info' returned 0; elapsed 0Total elapsed time: 1.92 sec.
@I [HLS-100] Command "config_chip_info -quiet -speed slow "
@I [HLS-100] Command 'config_chip_info' returned 0; elapsed 0Total elapsed time: 1.92 sec.
@I [HLS-100] Command 'add_library' returned 0; elapsed 0Total elapsed time: 1.92 sec.
@I [HLS-100] Command "add_library xilinx/zynq/zynq_fpv6 "
@I [HLS-100] Command "get_default_platform "
@I [HLS-100] Command 'get_default_platform' returned 0; elapsed 0Total elapsed time: 1.92 sec.
@I [HLS-100] Command 'add_library' returned 0; elapsed 0Total elapsed time: 1.92 sec.
@I [HLS-100] Command 'set_part' returned 0; elapsed 0.015Total elapsed time: 1.92 sec.
@I [HLS-100] Command "create_clock -period 100 -name default "
@I [HLS-100] Command 'create_clock' returned 0; elapsed 0.016Total elapsed time: 1.108 sec.
@I [HLS-100] Command "csynth_design "
@I [HLS-100] Command "elaborate -effort=medium -skip_syncheck=0 -keep_printf=0 -lm=0 -skip_cdt=0 -skip_transform=0 -ng=0 -g=0 -opt_fp=0 "
@I [HLS-10] Analyzing design file 'Conv/Conv_core.cpp' ... 
@0 [HLS-0] Analyzing design file 'Conv/Conv_core.cpp' ... 
@I [HLS-0] Compiling one TU...
@I [HLS-0] 
Checking before pre-process: exec clang -fno-limit-debug-info -gcc-toolchain "C:/Xilinx/Vivado_HLS/2016.1/msys" -hls    -fno-math-errno -c -emit-llvm -O0  -mllvm -disable-llvm-optzns -fno-threadsafe-statics  -fno-use-cxa-atexit  -fno-threadsafe-statics -fno-use-cxa-atexit -D__cdecl=   -I "C:/Xilinx/Vivado_HLS/2016.1/win64/tools/systemc/include" -I "C:/Xilinx/Vivado_HLS/2016.1/include" -I "C:/Xilinx/Vivado_HLS/2016.1/include/ap_sysc" -fexceptions -I "C:/Xilinx/Vivado_HLS/2016.1/common/technology/autopilot" -include etc/autopilot_ssdm_op.h "Conv/Conv_core.cpp"  -o "C:/Users/luojiawei/Desktop/pynq_1/ip/Conv/solution1/.autopilot/db/Conv_core.pp.00.o"

@I [HLS-100] Command "is_encrypted C:/Users/luojiawei/Desktop/pynq_1/ip/Conv/solution1/.autopilot/db/Conv_core.pp.00.o "
@I [HLS-100] Command 'is_encrypted' returned 0; elapsed 0Total elapsed time: 2.452 sec.
@I [HLS-0] Syntax Checker time: 1 seconds per iteration
@I [HLS-0] 
Source preprocessing: exec clang -fno-limit-debug-info -gcc-toolchain "C:/Xilinx/Vivado_HLS/2016.1/msys" -hls -fno-exceptions  -D__llvm__  -CC -E "Conv/Conv_core.cpp"     -fno-math-errno -c -emit-llvm -O0  -mllvm -disable-llvm-optzns -fno-threadsafe-statics  -fno-use-cxa-atexit  -fno-threadsafe-statics -fno-use-cxa-atexit -D__cdecl= -DAESL_SYN -D__SYNTHESIS__ -D__HLS_SYN__ -I "C:/Xilinx/Vivado_HLS/2016.1/common/technology/autopilot" -I "C:/Xilinx/Vivado_HLS/2016.1/common/technology/autopilot/ap_sysc" -include etc/autopilot_ssdm_op.h  -o "C:/Users/luojiawei/Desktop/pynq_1/ip/Conv/solution1/.autopilot/db/Conv_core.pp.0.cpp"

@I [HLS-0] GCC PP time: 0 seconds per iteration
@I [HLS-100] Command "list_core -type functional_unit "
@I [HLS-100] Command 'list_core' returned 0; elapsed 0Total elapsed time: 3.343 sec.
@I [HLS-0] Marker-Pragma convertor: C:/Users/luojiawei/Desktop/pynq_1/ip/Conv/solution1/.autopilot/db/Conv_core.pp.0.cpp C:/Users/luojiawei/Desktop/pynq_1/ip/Conv/solution1/.autopilot/db/Conv_core.pp.0.cpp.ap-line.cpp C:/Users/luojiawei/Desktop/pynq_1/ip/Conv/solution1/.autopilot/db/Conv_core.pp.0.cpp.ap-line.cpp.CXX 1
@I [HLS-0] 
Source processor: exec C:/Xilinx/Vivado_HLS/2016.1/tps/win64/jre/bin/java -Xmx512m -classpath   "C:/Xilinx/Vivado_HLS/2016.1/lib/classes/autopilot.sourceprocessor.jar;C:/Xilinx/Vivado_HLS/2016.1/lib/classes/org.eclipse.cdt.core_5.3.0.xilinx_patch.jar;C:/Xilinx/Vivado_HLS/2016.1/lib/classes/org.eclipse.core.runtime_3.7.0.v20110110.jar;C:/Xilinx/Vivado_HLS/2016.1/lib/classes/org.eclipse.equinox.common_3.6.0.v20110523.jar;C:/Xilinx/Vivado_HLS/2016.1/lib/classes/com.ibm.icu_4.4.2.v20110208.jar;C:/Xilinx/Vivado_HLS/2016.1/lib/classes/jargs.jar;C:/Xilinx/Vivado_HLS/2016.1/win64/tools/eclipse/plugins/org.eclipse.emf.common_2.10.1.v20150123-0348.jar;C:/Xilinx/Vivado_HLS/2016.1/win64/tools/eclipse/plugins/org.eclipse.emf.ecore_2.10.2.v20150123-0348.jar;C:/Xilinx/Vivado_HLS/2016.1/win64/tools/eclipse/plugins/org.eclipse.emf.ecore.xmi_2.10.2.v20150123-0348.jar;C:/Xilinx/Vivado_HLS/2016.1/win64/tools/eclipse/plugins/com.autoesl.autopilot.ui.directiveFileModel_1.0.0.jar;C:/Xilinx/Vivado_HLS/2016.1/win64/tools/eclipse/plugins/com.autoesl.autopilot.ui.common_1.0.0.jar"  autopilot.sourceprocessor.CParser  "C:/Users/luojiawei/Desktop/pynq_1/ip/Conv/solution1/.autopilot/db/Conv_core.pp.0.cpp.ap-line.cpp"  -m "Conv" -o "C:/Users/luojiawei/Desktop/pynq_1/ip/Conv/solution1/.autopilot/db/Conv_core.pp.0.cpp.ap-cdt.cpp" --pp --directive C:/Users/luojiawei/Desktop/pynq_1/ip/Conv/solution1/solution1.directive --source C:/Users/luojiawei/Desktop/pynq_1/ip/Conv/Conv_core.cpp --error C:/Users/luojiawei/Desktop/pynq_1/ip/Conv/solution1/.autopilot/db --funcunit "AddSub AddSub_DSP AddSubnS DAddSub_fulldsp DAddSub_nodsp DDiv DExp_fulldsp DExp_meddsp DExp_nodsp DLog_fulldsp DLog_meddsp DLog_nodsp DMul_fulldsp DMul_maxdsp DMul_meddsp DMul_nodsp DRSqrt DRecip DSqrt DivnS FAddSub_fulldsp FAddSub_nodsp FDiv FExp_fulldsp FExp_meddsp FExp_nodsp FLog_fulldsp FLog_meddsp FLog_nodsp FMul_fulldsp FMul_maxdsp FMul_meddsp FMul_nodsp FRSqrt_fulldsp FRSqrt_nodsp FRecip_fulldsp FRecip_nodsp FSqrt HAddSub_nodsp HDiv HMul_fulldsp HMul_maxdsp HMul_nodsp HSqrt Mul Mul2S Mul3S Mul4S Mul5S Mul6S Mul_LUT MulnS MuxnS" --ve --vetcl C:/Users/luojiawei/Desktop/pynq_1/ip/Conv/solution1/.autopilot/db --ca --es --gf --pd --p2d C:/Users/luojiawei/Desktop/pynq_1/ip/Conv/solution1/.autopilot/db --sd --scff C:/Users/luojiawei/Desktop/pynq_1/ip/Conv/solution1/.autopilot/db/.systemc_flag --ad

@I [HLS-0] Marker-Pragma convertor: C:/Users/luojiawei/Desktop/pynq_1/ip/Conv/solution1/.autopilot/db/Conv_core.pp.0.cpp.ap-cdt.cpp C:/Users/luojiawei/Desktop/pynq_1/ip/Conv/solution1/.autopilot/db/Conv_core.pragma.0.cpp C:/Users/luojiawei/Desktop/pynq_1/ip/Conv/solution1/.autopilot/db/Conv_core.pragma.0.cpp.ap-line.CXX 0
@I [HLS-100] Command "source C:/Users/luojiawei/Desktop/pynq_1/ip/Conv/solution1/.autopilot/db/pragma.status.tcl "
@I [HLS-100] Command 'ap_source' returned 0; elapsed 0Total elapsed time: 9.390 sec.
@I [HLS-0] CDT processor time: 6 seconds per iteration
@I [HLS-0] Pragma handling time: 0 seconds per iteration
@I [HLS-0] 
Source preprocessing: exec clang -fno-limit-debug-info -gcc-toolchain "C:/Xilinx/Vivado_HLS/2016.1/msys" -hls -fno-exceptions  -D__llvm__  -CC -E "C:/Users/luojiawei/Desktop/pynq_1/ip/Conv/solution1/.autopilot/db/Conv_core.pragma.1.cpp"     -fno-math-errno -c -emit-llvm -O0  -mllvm -disable-llvm-optzns -fno-threadsafe-statics  -fno-use-cxa-atexit  -fno-threadsafe-statics -fno-use-cxa-atexit -D__cdecl= -DAESL_SYN -D__SYNTHESIS__ -D__HLS_SYN__ -I "C:/Xilinx/Vivado_HLS/2016.1/common/technology/autopilot" -I "C:/Xilinx/Vivado_HLS/2016.1/common/technology/autopilot/ap_sysc" -include etc/autopilot_ssdm_op.h  -o "C:/Users/luojiawei/Desktop/pynq_1/ip/Conv/solution1/.autopilot/db/Conv_core.pragma.2.cpp"

@I [HLS-0] exec clang -fno-limit-debug-info -gcc-toolchain C:/Xilinx/Vivado_HLS/2016.1/msys -hls -hls-analyze-label -hls-analyze-pragma -fno-exceptions  -D__llvm__  -w  "C:/Users/luojiawei/Desktop/pynq_1/ip/Conv/solution1/.autopilot/db/Conv_core.pragma.2.cpp"    -fno-math-errno -c -emit-llvm -O0  -mllvm -disable-llvm-optzns -fno-threadsafe-statics  -fno-use-cxa-atexit -DAESL_SYN -D__SYNTHESIS__ -D__HLS_SYN__ -I "C:/Xilinx/Vivado_HLS/2016.1/common/technology/autopilot" -I "C:/Xilinx/Vivado_HLS/2016.1/common/technology/autopilot/ap_sysc" -include etc/autopilot_ssdm_op.h -g -o "C:/Users/luojiawei/Desktop/pynq_1/ip/Conv/solution1/.autopilot/db/Conv_core.g.bc"
@I [HLS-100] Command "source C:/Users/luojiawei/Desktop/pynq_1/ip/Conv/solution1/.autopilot/db/ve_warning.tcl "
@I [HLS-100] Command 'ap_source' returned 0; elapsed 0Total elapsed time: 12.702 sec.
@I [HLS-10] Validating synthesis directives ...
@0 [HLS-0] Validating synthesis directives ...
@I [HLS-100] Command "source C:/Users/luojiawei/Desktop/pynq_1/ip/Conv/solution1/.autopilot/db/pragma.status.tcl "
@I [HLS-100] Command 'ap_source' returned 0; elapsed 0Total elapsed time: 12.702 sec.
@I [HLS-0] Linking all ...
@I [HLS-0] exec llvm-ld  "C:/Users/luojiawei/Desktop/pynq_1/ip/Conv/solution1/.autopilot/db/Conv_core.bc"  -disable-opt  -LC:/Xilinx/Vivado_HLS/2016.1/win64/lib -lm_basic -o "C:/Users/luojiawei/Desktop/pynq_1/ip/Conv/solution1/.autopilot/db/a.o.pre"
@I [HLS-0] Link time: 2 seconds per iteration
@I [HLS-0] Linking all ...
@I [HLS-0] exec llvm-ld  "C:/Users/luojiawei/Desktop/pynq_1/ip/Conv/solution1/.autopilot/db/Conv_core.g.bc"  -disable-opt  -LC:/Xilinx/Vivado_HLS/2016.1/win64/lib -lm_basic -o "C:/Users/luojiawei/Desktop/pynq_1/ip/Conv/solution1/.autopilot/db/a.g.pre"
@I [HLS-0] Link time: 0 seconds per iteration
@I [HLS-100] Command "opt_and_import_c a -opt_level=2 -skip_syncheck=0 -ng=0 -keep_printf=0 "
@I [HLS-100] Command "cleanup_all_models "
@I [HLS-100] Command 'cleanup_all_models' returned 0; elapsed 0Total elapsed time: 15.717 sec.
@I [HLS-10] Starting code transformations ...
@0 [HLS-0] Starting code transformations ...
@I [HLS-0] std xform: transform -hls -share-std-xform -always-inline -promote-dbg-pointer  -interface-preproc  -scalarrepl -mem2reg -keep-read-access -instcombine -dce  -promote-dbg-pointer  -bitop-raise  -indvars -loop-simplify -xunroll  -constprop -instcombine -simplifycfg -indvars  -simplifycfg -dce -globaldce  -basicaa  -simplifycfg -mem2reg -globalopt  -global-constprop -deadargelim -instcombine -simplifycfg  -prune-eh -simplifycfg  -scalarrepl -instcombine -reassociate -licm  -simplifycfg -loop-simplify -indvars -instcombine  -simplifycfg -mem2reg -loop-simplify -indvars -instcombine  -gvn -gvn -instcombine -adce  -break-crit-edges  -simplifycfg -loop-delete  -global-array-opt -dce -dse -adce  -find-syn-modules -top Conv  -deadargelim  -mem2reg -instcombine -dce  -presyn-prepare -auto-rom-infer  -interface-preproc  -syn-check -check-rec-only  -find-region -simplifycfg -func-extr -function-inline  -globaldce -mem2reg -instcombine -dce   -gvn -globaldce -adce -adse  -constprop -instcombine -bit-constprop  -instcombine -dce -simplifycfg -bitop-raise  -simplifycfg -dce -loop-delete -reassociate  -globalopt -global-privatize -mem2reg -dce  -global-constprop -pointer-simplify -constprop -dce  -func-inst -deadargelim  -promote-dbg-pointer  -norm-name   C:/Users/luojiawei/Desktop/pynq_1/ip/Conv/solution1/.autopilot/db/a.g.0.bc -o C:/Users/luojiawei/Desktop/pynq_1/ip/Conv/solution1/.autopilot/db/a.g.1.bc -f  -phase std-opt
@I [HLS-0] Std xform time: 0 seconds per iteration
@I [HLS-100] Command "is_encrypted C:/Users/luojiawei/Desktop/pynq_1/ip/Conv/solution1/.autopilot/db/a.g.1.bc "
@I [HLS-100] Command 'is_encrypted' returned 0; elapsed 0Total elapsed time: 16.374 sec.
@I [HLS-10] Checking synthesizability ...
@0 [HLS-0] Checking synthesizability ...
@I [HLS-0] syn check 1/2: transform -hls -syn-check -check-rec-only -disaggr -scalarrepl -norm-name -dce  -mem2reg -instcombine  -function-uniquify -directive-preproc -mem2reg -dse -dce -auto-rom-infer -dce  -array-normalize -instcombine -dce  -array-seg-normalize -instcombine -dce  -array-flatten -instcombine -dce  -array-burst -dce  -deadargelim -promote-global-argument  -simplifycfg -mem2reg -globaldce -resolve-double-ptr  -dce -deadargelim -dce -instcombine  -function-inline -globaldce -dce  -doublePtrSimplify -doublePtrElim -dce  -doublePtrSimplify -promote-dbg-pointer  -dce -scalarrepl -dse -adse -instcombine  -ptrLegalization  -simplifycfg -dce -instcombine  -pointer-simplify -ptrArgReplace -dce -instcombine   -disaggr -scalarrepl -norm-name -dce  -mem2reg -instcombine -ptrLegalization   -simplifycfg -deadargelim  -instcombine -dce -inst-simplify  -function-uniquify -directive-preproc -mem2reg -dse -dce  -globaldce    C:/Users/luojiawei/Desktop/pynq_1/ip/Conv/solution1/.autopilot/db/a.g.1.bc -o C:/Users/luojiawei/Desktop/pynq_1/ip/Conv/solution1/.autopilot/db/a.g.2.prechk.bc -f
@I [HLS-0] Syn check 1/2 time: 0 seconds per iteration
@I [HLS-0] syn check 2/2: transform -syn-check   C:/Users/luojiawei/Desktop/pynq_1/ip/Conv/solution1/.autopilot/db/a.g.2.prechk.bc -o C:/Users/luojiawei/Desktop/pynq_1/ip/Conv/solution1/.autopilot/db/a.g.2.bc -f  -phase syn-check
@I [HLS-0] Syn check 2/2 time: 0 seconds per iteration
@I [HLS-0] Compiler optimizing ...
@I [HLS-0] Share syncheck's 1.bc for syn flow: copy C:/Users/luojiawei/Desktop/pynq_1/ip/Conv/solution1/.autopilot/db/a.g.1.bc to C:/Users/luojiawei/Desktop/pynq_1/ip/Conv/solution1/.autopilot/db/a.o.1.bc
@I [HLS-0] presyn 1: transform -hls -tmp C:/Users/luojiawei/Desktop/pynq_1/ip/Conv/solution1/.autopilot/db -type-info  -function-uniquify -directive-preproc -mem2reg -dse -dce  -disaggr -scalarrepl -norm-name -deadargelim  -mem2reg -instcombine -dce -auto-rom-infer -dce -function-uniquify  -resource-proc  -simplifycfg -mem2reg -globaldce -resolve-double-ptr -dce -deadargelim -dce -instcombine  -clib-intrinsic-prepare -dce  -func-buffer -dce -array-normalize  -func-legal -instcombine -gvn -constprop -dce   -ptrArgReplace -mem2reg -instcombine -dce  -array-seg-normalize -deadargelim  -instcombine -dce  -pointer-simplify -dce  -port-alignment -dce  -interface-preproc  -data-pack -instcombine -dce   -basicaa -aggr-aa -aggrmodref-aa -aggr-aa -gvn -gvn  -basicaa -aggr-aa -aggrmodref-aa -aggr-aa -dse -adse -adce  -loop-simplify -indvars -instcombine  -gvn -loop-simplify -mem2reg -dce -simplifycfg  -find-region -instcombine  -auto-loop-pipeline  -inst-simplify  -interface-preproc  -indvars -auto-loop-unroll -loop-simplify -loop-bound -xunroll  -constprop -instcombine -simplifycfg -indvars  -simplifycfg -dce -globaldce  -attach-range  -gvn -inst-simplify  -constprop -simplifycfg -dce  -pointer-simplify -dce  -globalopt -constprop -dce  -array-promote -constprop -instcombine -dce  -ptrArgReplace -mem2reg  -instcombine -simplifycfg -dce  -auto-par -instcombine -dce  -array-transform-check  -array-reshape -instcombine -simplifycfg -dce  -ptrArgReplace -deadargelim -mem2reg  -instcombine -simplifycfg -dce   -indvars -loop-simplify -loop-bound -xunroll  -constprop -instcombine -simplifycfg -indvars  -simplifycfg -dce -globaldce  -duplicate-dataflow-processes -globaldce  -array-partition -instcombine -simplifycfg -dce  -ptrArgReplace -global-constprop -deadargelim -mem2reg  -func-legal -instcombine -dce -global-constprop -deadargelim -mem2reg  -instcombine -simplifycfg -dce   -globalopt -constprop -dce  -array-promote -constprop -instcombine -dce  -ptrArgReplace -mem2reg  -instcombine -simplifycfg -dce   -mem-intrinsic-preproc -dce  -global-privatize  -mem2reg -globaldce  -promote-global-argument  -ptrArgReplace -mem2reg -instcombine -dce  -globalopt -mergereturn -simplify-global-access -mem2reg -dce  -pointer-simplify -dce  -functionattrs  -basicaa -aggr-aa -aggrmodref-aa -aggr-aa -gvn -gvn  -basicaa -aggr-aa -aggrmodref-aa -aggr-aa -dse -adse -adce  -inst-simplify -dce -norm-name  -function-inline -globaldce  -func-inst -constprop -instcombine -simplifycfg -dce  -func-legal -dce   -loop-bound  -arraycheck -bitwidthmin -on-by-dataflow  -loop-delete -instcombine -simplifycfg  -globaldce -dce -gvn -deadargelim -dce -loop-simplify -clean-region -simplifycfg -propagate-stable-arguments  -loop-stream -instcombine -simplifycfg -dce -globaldce  -stream-intrinsic-preproc -dce  -check-ap-stream -loop-simplify -eliminate-keepreads  -extract-dataflow-in-loop -loop-simplify -dce -gvn -deadargelim -dse  -check-dataflow-syntax  -legalize-stream-variable -legalize-global -legalize-global-1  -extract-subproc -dce -dead-channel-elimination  -canonicalize-gep -globaldce -dce -gvn -deadargelim  -scalar-propagation -deadargelim -globaldce -mem2reg  -check-dataflow-channels -function-stream -dce -globaldce  -prop-fifo-spec -internal-stream-gen  -canonicalize-gep -globaldce -dce -gvn -deadargelim   -mergereturn -indvars -loop-simplify -instcombine  -array-stream -instcombine -simplifycfg -dce  -bundle-memfifo-ops -deadargelim    -function-uniquify -directive-preproc -mem2reg -dse -dce  -group-axi-access    -licm -simplifycfg -dce -loop-delete  -norm-name  C:/Users/luojiawei/Desktop/pynq_1/ip/Conv/solution1/.autopilot/db/a.o.1.bc -o C:/Users/luojiawei/Desktop/pynq_1/ip/Conv/solution1/.autopilot/db/a.o.1.tmp.bc -f
@I [HLS-0] Presyn 1 time: 0 seconds per iteration
@I [HLS-0] presyn 2: transform -hls -keep-callgraph -scalarrepl -mem2reg  -port-alignment -attach-range -dce  -pipe-mux-gen  -indvars -loop-bound  -inst-simplify -instcombine -dce  -merge-array-access -mem2reg -dce  -clean-region -mergereturn -if-conv  -instcombine -dce -constprop  -basicaa -aggr-aa -aggrmodref-aa -aggr-aa -gvn -gvn  -basicaa -aggr-aa -aggrmodref-aa -aggr-aa -dse -adse -adce  -scalarrepl -mem2reg  -global-constprop -deadargelim -deadargelim  -instcombine -dce -simplifycfg    -ptrArgReplace -mem2reg -function-inline  -globaldce -mem2reg -instcombine -dce -expr-balance  -instcombine -dce  -bitwidthmin  -interface-preproc -directive-preproc  -inst-rectify -instcombine -dce  -functionattrs  -constprop -instcombine -bit-constprop  -simplify-global-access  -globalopt -globaldce  -inst-simplify -instcombine -elimdeaddata -dce  -loop-delete -simplifycfg -loop-simplify -auto-burst   -norm-name C:/Users/luojiawei/Desktop/pynq_1/ip/Conv/solution1/.autopilot/db/a.o.1.tmp.bc -o C:/Users/luojiawei/Desktop/pynq_1/ip/Conv/solution1/.autopilot/db/a.o.2.bc -f  -phase presyn
@I [XFORM-401] Performing if-conversion on hyperblock to (Conv/Conv_core.cpp:41:16) in function 'Conv'... converting 3 basic blocks.
@I [HLS-0] Presyn 2 time: 0 seconds per iteration
@I [HLS-100] Command "is_encrypted C:/Users/luojiawei/Desktop/pynq_1/ip/Conv/solution1/.autopilot/db/a.o.2.bc "
@I [HLS-100] Command 'is_encrypted' returned 0; elapsed 0Total elapsed time: 18.47 sec.
@I [HLS-0] build ssdm: transform -hls  -function-uniquify -auto-function-inline -globaldce  -ptrArgReplace -mem2reg -instcombine -dce  -reset-lda  -loop-simplify -indvars -licm -loop-dep  -loop-bound -licm -loop-simplify -flattenloopnest  -array-flatten -gvn -instcombine -dce  -array-map -dce -func-legal  -gvn -adce -instcombine -cfgopt -simplifycfg -loop-simplify   -array-burst -promote-global-argument -dce  -axi4-lower -array-seg-normalize  -basicaa -aggrmodref-aa -globalsmodref-aa -aggr-aa -gvn -gvn  -basicaa -aggrmodref-aa -globalsmodref-aa -aggr-aa -dse -adse -adce -licm  -inst-simplify -dce  -globaldce -instcombine -array-stream -eliminate-keepreads -instcombine  -dce   -deadargelim -doublePtrSimplify  -doublePtrElim -dce -doublePtrSimplify -promote-dbg-pointer  -dce -scalarrepl -mem2reg -disaggr -norm-name -mem2reg  -instcombine  -dse -adse -adce -ptrLegalization -dce -auto-rom-infer -array-flatten -dce -instcombine  -loop-rot -constprop -cfgopt -simplifycfg -loop-simplify -indvars -pointer-simplify -dce -loop-bound  -loop-simplify -loop-preproc  -constprop -global-constprop -gvn -mem2reg -instcombine -dce  -loop-merge -dce  -bitwidthmin  -deadargelim -dce  -scalar-propagation -deadargelim -globaldce -mem2reg  -interface-preproc -interface-gen  -deadargelim -directive-preproc -inst-simplify -dce  -gvn -mem2reg -instcombine -dce -adse  -loop-bound  -instcombine -cfgopt -simplifycfg -loop-simplify  -clean-region -io-protocol  -find-region -mem2reg  -bitop-raise  -inst-simplify -inst-rectify -instcombine -adce -deadargelim  -loop-simplify -phi-opt -bitop-raise  -cfgopt -simplifycfg -strip-dead-prototypes  -interface-lower -bitop-lower -intrinsic-lower -auto-function-inline  -basicaa -aggrmodref-aa -globalsmodref-aa -aggr-aa  -inst-simplify -simplifycfg   -mergereturn -inst-simplify -inst-rectify  -dce -bitop-lower  -loop-rewind -pointer-simplify -dce -cfgopt  -read-loop-dep -dce -bitwidth -norm-name -legalize    -cdfg-build  C:/Users/luojiawei/Desktop/pynq_1/ip/Conv/solution1/.autopilot/db/a.o.2.bc -o C:/Users/luojiawei/Desktop/pynq_1/ip/Conv/solution1/.autopilot/db/a.o.3.bc -f  -phase build-ssdm
@W [XFORM-542] Cannot flatten a loop nest 'Kx' (Conv/Conv_core.cpp:52:7) in function 'Conv' : 
               the outer loop is not a perfect loop because there is nontrivial logic before entering the inner loop.
@I [XFORM-541] Flattening a loop nest 'Ky' (Conv/Conv_core.cpp:50:6) in function 'Conv'.
@W [XFORM-542] Cannot flatten a loop nest 'Wout' (Conv/Conv_core.cpp:46:5) in function 'Conv' : 
               the outer loop is not a perfect loop because there is nontrivial logic in the loop latch.
@I [XFORM-541] Flattening a loop nest 'Hout' (Conv/Conv_core.cpp:44:4) in function 'Conv'.
@I [XFORM-541] Flattening a loop nest 'CHout' (Conv/Conv_core.cpp:42:3) in function 'Conv'.
@I [HLS-0] Build ssdm time: 0 seconds per iteration
@I [HLS-100] Command "is_encrypted C:/Users/luojiawei/Desktop/pynq_1/ip/Conv/solution1/.autopilot/db/a.o.3.bc "
@I [HLS-100] Command 'is_encrypted' returned 0; elapsed 0Total elapsed time: 18.593 sec.
@I [HLS-0] Finish building internal data model.
@I [HLS-100] Command 'opt_and_import_c' returned 0; elapsed 3.156Total elapsed time: 18.874 sec.
@I [HLS-111] Elapsed time: 18.89 seconds; current memory usage: 111 MB.
@I [HLS-100] Command 'elaborate' returned 0; elapsed 17.781Total elapsed time: 18.890 sec.
@I [HLS-100] Command "autosyn "
@I [HLS-10] Starting hardware synthesis ...
@0 [HLS-0] Starting hardware synthesis ...
@I [HLS-0] Synthesizing C/C++ design ...
@I [HLS-10] Synthesizing 'Conv' ...
@0 [HLS-0] Synthesizing 'Conv' ...
@I [HLS-100] Command "ap_set_top_model Conv "
@I [HLS-100] Command 'ap_set_top_model' returned 0; elapsed 0Total elapsed time: 18.890 sec.
@I [HLS-100] Command "get_model_list Conv -filter all-wo-channel -topdown "
@I [HLS-100] Command 'get_model_list' returned 0; elapsed 0Total elapsed time: 18.890 sec.
@I [HLS-100] Command "preproc_iomode -model Conv "
@I [HLS-100] Command 'preproc_iomode' returned 0; elapsed 0Total elapsed time: 18.890 sec.
@I [HLS-100] Command "get_model_list Conv -filter all-wo-channel "
@I [HLS-100] Command 'get_model_list' returned 0; elapsed 0Total elapsed time: 18.890 sec.
@I [HLS-0] Model list for configure: Conv
@I [HLS-0] Configuring Module : Conv ...
@I [HLS-100] Command "set_default_model Conv "
@I [HLS-100] Command 'set_default_model' returned 0; elapsed 0Total elapsed time: 18.890 sec.
@I [HLS-100] Command "apply_spec_resource_limit Conv "
@I [HLS-100] Command 'apply_spec_resource_limit' returned 0; elapsed 0Total elapsed time: 18.890 sec.
@I [HLS-0] Model list for preprocess: Conv
@I [HLS-0] Preprocessing Module: Conv ...
@I [HLS-100] Command "set_default_model Conv "
@I [HLS-100] Command 'set_default_model' returned 0; elapsed 0Total elapsed time: 18.890 sec.
@I [HLS-100] Command "cdfg_preprocess -model Conv "
@I [HLS-100] Command 'cdfg_preprocess' returned 0; elapsed 0.016Total elapsed time: 18.905 sec.
@I [HLS-100] Command "rtl_gen_preprocess Conv "
@I [HLS-100] Command 'rtl_gen_preprocess' returned 0; elapsed 0Total elapsed time: 18.905 sec.
@I [HLS-0] Model list for synthesis: Conv
@I [HLS-10] ----------------------------------------------------------------
@0 [HLS-0] ----------------------------------------------------------------
@I [HLS-10] -- Scheduling module 'Conv' 
@0 [HLS-0] -- Scheduling module 'Conv' 
@I [HLS-10] ----------------------------------------------------------------
@0 [HLS-0] ----------------------------------------------------------------
@I [HLS-100] Command "set_default_model Conv "
@I [HLS-100] Command 'set_default_model' returned 0; elapsed 0Total elapsed time: 18.905 sec.
@I [HLS-100] Command "schedule -model Conv "
@I [SCHED-11] Starting scheduling ...
@I [SCHED-61] Pipelining loop 'CHin'.
@W [SCHED-68] Unable to enforce a carried dependency constraint (II = 1, distance = 1)
   between bus request on port 'gmem' (Conv/Conv_core.cpp:67) and bus request on port 'gmem' (Conv/Conv_core.cpp:67).
@I [SCHED-61] Pipelining result: Target II: 1, Final II: 2, Depth: 11.
@I [SCHED-11] Finished scheduling.
@I [HLS-100] Command 'schedule' returned 0; elapsed 0.125Total elapsed time: 19.30 sec.
@I [HLS-111] Elapsed time: 0.157 seconds; current memory usage: 114 MB.
@I [HLS-100] Command "report -o C:/Users/luojiawei/Desktop/pynq_1/ip/Conv/solution1/.autopilot/db/Conv.verbose.sched.rpt -verbose -f "
@I [HLS-100] Command 'report' returned 0; elapsed 0.031Total elapsed time: 19.77 sec.
@I [HLS-100] Command "db_write -o C:/Users/luojiawei/Desktop/pynq_1/ip/Conv/solution1/.autopilot/db/Conv.sched.adb -f "
@I [HLS-100] Command 'db_write' returned 0; elapsed 0.032Total elapsed time: 19.109 sec.
@I [HLS-0] Finish scheduling Conv.
@I [HLS-10] ----------------------------------------------------------------
@0 [HLS-0] ----------------------------------------------------------------
@I [HLS-10] -- Exploring micro-architecture for module 'Conv' 
@0 [HLS-0] -- Exploring micro-architecture for module 'Conv' 
@I [HLS-10] ----------------------------------------------------------------
@0 [HLS-0] ----------------------------------------------------------------
@I [HLS-100] Command "set_default_model Conv "
@I [HLS-100] Command 'set_default_model' returned 0; elapsed 0Total elapsed time: 19.109 sec.
@I [HLS-100] Command "bind -model Conv "
@I [BIND-110] clear=
@I [BIND-110] debug=
@I [BIND-110] drf=
@I [BIND-110] effort=
@I [BIND-110] fast_refine=
@I [BIND-110] fu_weight=[ 0.0 -- 1.0 ]
@I [BIND-110] global_opt=
@I [BIND-110] gsearch=
@I [BIND-110] help=
@I [BIND-110] help-hidden=
@I [BIND-110] min_mem_port=
@I [BIND-110] min_op=
@I [BIND-110] minreg=
@I [BIND-110] ml=
@I [BIND-110] model=Conv
@I [BIND-110] no_false_path=
@I [BIND-110] no_min_op=
@I [BIND-110] normalize=
@I [BIND-110] quiet=
@I [BIND-110] refine=
@I [BIND-110] reg_weight=[ 0.0 -- 1.0 ]
@I [BIND-110] search=
@I [BIND-110] tight_delay=
@I [BIND-110] verbose=
@I [BIND-110] wFF=
@I [BIND-110] wFU=
@I [BIND-110] wMUX=
@I [BIND-110] wNET=
@I [BIND-100] Starting micro-architecture generation ...
@I [BIND-101] Performing variable lifetime analysis.
@I [BIND-101] Exploring resource sharing.
@I [BIND-101] Binding ...
@I [BIND-100] Finished micro-architecture generation.
@I [HLS-100] Command 'bind' returned 0; elapsed 0.047Total elapsed time: 19.156 sec.
@I [HLS-111] Elapsed time: 0.125 seconds; current memory usage: 114 MB.
@I [HLS-100] Command "report -o C:/Users/luojiawei/Desktop/pynq_1/ip/Conv/solution1/.autopilot/db/Conv.verbose.bind.rpt -verbose -f "
@I [HLS-100] Command 'report' returned 0; elapsed 0.047Total elapsed time: 19.218 sec.
@I [HLS-100] Command "db_write -o C:/Users/luojiawei/Desktop/pynq_1/ip/Conv/solution1/.autopilot/db/Conv.bind.adb -f "
@I [HLS-100] Command 'db_write' returned 0; elapsed 0.046Total elapsed time: 19.265 sec.
@I [HLS-0] Finish binding Conv.
@I [HLS-100] Command "get_model_list Conv -filter all-wo-channel "
@I [HLS-100] Command 'get_model_list' returned 0; elapsed 0Total elapsed time: 19.265 sec.
@I [HLS-0] Preprocessing for RTLGen ...
@I [HLS-100] Command "rtl_gen_preprocess Conv "
@I [HLS-100] Command 'rtl_gen_preprocess' returned 0; elapsed 0Total elapsed time: 19.265 sec.
@I [HLS-0] Model list for RTL generation: Conv
@I [HLS-10] ----------------------------------------------------------------
@0 [HLS-0] ----------------------------------------------------------------
@I [HLS-10] -- Generating RTL for module 'Conv' 
@0 [HLS-0] -- Generating RTL for module 'Conv' 
@I [HLS-10] ----------------------------------------------------------------
@0 [HLS-0] ----------------------------------------------------------------
@I [HLS-100] Command "create_rtl_model Conv -vendor xilinx -mg_file C:/Users/luojiawei/Desktop/pynq_1/ip/Conv/solution1/.autopilot/db/Conv.compgen.tcl "
@I [RTGEN-500] Setting interface mode on port 'Conv/gmem' to 'm_axi'.
@I [RTGEN-500] Setting interface mode on port 'Conv/CHin_V' to 's_axilite & ap_none'.
@I [RTGEN-500] Setting interface mode on port 'Conv/Hin_V' to 's_axilite & ap_none'.
@I [RTGEN-500] Setting interface mode on port 'Conv/Win_V' to 's_axilite & ap_none'.
@I [RTGEN-500] Setting interface mode on port 'Conv/CHout_V' to 's_axilite & ap_none'.
@I [RTGEN-500] Setting interface mode on port 'Conv/Kx_V' to 's_axilite & ap_none'.
@I [RTGEN-500] Setting interface mode on port 'Conv/Ky_V' to 's_axilite & ap_none'.
@I [RTGEN-500] Setting interface mode on port 'Conv/Sx_V' to 's_axilite & ap_none'.
@I [RTGEN-500] Setting interface mode on port 'Conv/Sy_V' to 's_axilite & ap_none'.
@I [RTGEN-500] Setting interface mode on port 'Conv/mode_V' to 's_axilite & ap_none'.
@I [RTGEN-500] Setting interface mode on port 'Conv/relu_en_V' to 's_axilite & ap_none'.
@I [RTGEN-500] Setting interface mode on port 'Conv/feature_in' to 's_axilite & ap_none'.
@I [RTGEN-500] Setting interface mode on port 'Conv/W' to 's_axilite & ap_none'.
@I [RTGEN-500] Setting interface mode on port 'Conv/bias' to 's_axilite & ap_none'.
@I [RTGEN-500] Setting interface mode on port 'Conv/feature_out' to 's_axilite & ap_none'.
@I [RTGEN-500] Setting interface mode on function 'Conv' to 's_axilite & ap_ctrl_hs'.
@I [RTGEN-100] Bundling port 'return', 'CHin_V', 'Hin_V', 'Win_V', 'CHout_V', 'Kx_V', 'Ky_V', 'Sx_V', 'Sy_V', 'mode_V', 'relu_en_V', 'feature_in', 'W', 'bias' and 'feature_out' to AXI-Lite port AXILiteS.
@I [RTGEN-100] Generating core module 'Conv_fadd_32ns_32ns_32_1_full_dsp': 1 instance(s).
@I [RTGEN-100] Generating core module 'Conv_fcmp_32ns_32ns_1_1': 1 instance(s).
@I [RTGEN-100] Generating core module 'Conv_fmul_32ns_32ns_32_1_max_dsp': 1 instance(s).
@I [RTGEN-100] Generating core module 'Conv_mac_mul_sub_16s_8ns_8ns_16_1': 1 instance(s).
@I [RTGEN-100] Generating core module 'Conv_mac_muladd_16ns_16ns_16ns_32_1': 1 instance(s).
@I [RTGEN-100] Generating core module 'Conv_mac_muladd_16s_16ns_48ns_48_1': 1 instance(s).
@I [RTGEN-100] Generating core module 'Conv_mac_muladd_8ns_16ns_32ns_32_1': 1 instance(s).
@I [RTGEN-100] Generating core module 'Conv_mul_mul_16ns_16ns_32_1': 3 instance(s).
@I [RTGEN-100] Generating core module 'Conv_mul_mul_16ns_16s_32_1': 1 instance(s).
@I [RTGEN-100] Generating core module 'Conv_mul_mul_16s_8ns_16_1': 1 instance(s).
@I [RTGEN-100] Generating core module 'Conv_mul_mul_8ns_16s_16_1': 1 instance(s).
@I [RTGEN-100] Generating core module 'Conv_sdiv_19s_9ns_19_23_seq': 2 instance(s).
@I [RTGEN-100] Finished creating RTL model for 'Conv'.
@I [HLS-100] Command 'create_rtl_model' returned 0; elapsed 0.078Total elapsed time: 19.343 sec.
@I [HLS-111] Elapsed time: 0.188 seconds; current memory usage: 115 MB.
@I [HLS-100] Command "source C:/Users/luojiawei/Desktop/pynq_1/ip/Conv/solution1/.autopilot/db/Conv.rtl_wrap.cfg.tcl "
@I [HLS-100] Command 'ap_source' returned 0; elapsed 0Total elapsed time: 19.359 sec.
@I [HLS-100] Command "gen_rtl Conv -istop -style xilinx -tracefl mytrace -tracefmt vcd -traceopt all -f -lang sc -o C:/Users/luojiawei/Desktop/pynq_1/ip/Conv/solution1/syn/systemc/Conv -synmodules Conv "
@I [HLS-100] Command 'gen_rtl' returned 0; elapsed 0Total elapsed time: 19.359 sec.
@I [HLS-100] Command "gen_rtl Conv -istop -style xilinx -f -lang vhdl -o C:/Users/luojiawei/Desktop/pynq_1/ip/Conv/solution1/syn/vhdl/Conv "
@I [HLS-100] Command 'gen_rtl' returned 0; elapsed 0.046Total elapsed time: 19.405 sec.
@I [HLS-100] Command "gen_rtl Conv -istop -style xilinx -f -lang vlog -o C:/Users/luojiawei/Desktop/pynq_1/ip/Conv/solution1/syn/verilog/Conv "
@I [HLS-100] Command 'gen_rtl' returned 0; elapsed 0.016Total elapsed time: 19.422 sec.
@I [HLS-100] Command "export_constraint_db -o C:/Users/luojiawei/Desktop/pynq_1/ip/Conv/solution1/.autopilot/db/Conv.constraint.tcl -f -tool general "
@I [HLS-100] Command 'export_constraint_db' returned 0; elapsed 0Total elapsed time: 19.422 sec.
@I [HLS-100] Command "report -model Conv -o C:/Users/luojiawei/Desktop/pynq_1/ip/Conv/solution1/.autopilot/db/Conv.design.xml -verbose -f -dv "
@I [HLS-100] Command 'report' returned 0; elapsed 0.031Total elapsed time: 19.467 sec.
@I [HLS-100] Command "report -model Conv -o C:/Users/luojiawei/Desktop/pynq_1/ip/Conv/solution1/.autopilot/db/Conv.sdaccel.xml -verbose -f -sdaccel "
@I [HLS-100] Command 'report' returned 0; elapsed 0.064Total elapsed time: 19.531 sec.
@I [HLS-100] Command "gen_tb_info Conv -o C:/Users/luojiawei/Desktop/pynq_1/ip/Conv/solution1/.autopilot/db/Conv -p C:/Users/luojiawei/Desktop/pynq_1/ip/Conv/solution1/.autopilot/db "
@I [HLS-100] Command 'gen_tb_info' returned 0; elapsed 0Total elapsed time: 19.531 sec.
@I [HLS-100] Command "report -model Conv -o C:/Users/luojiawei/Desktop/pynq_1/ip/Conv/solution1/syn/report/Conv_csynth.rpt -f "
@I [HLS-100] Command 'report' returned 0; elapsed 0.031Total elapsed time: 19.562 sec.
@I [HLS-100] Command "report -model Conv -o C:/Users/luojiawei/Desktop/pynq_1/ip/Conv/solution1/syn/report/Conv_csynth.xml -f -x "
@I [HLS-100] Command 'report' returned 0; elapsed 0.016Total elapsed time: 19.578 sec.
@I [HLS-100] Command "report -model Conv -o C:/Users/luojiawei/Desktop/pynq_1/ip/Conv/solution1/.autopilot/db/Conv.verbose.rpt -verbose -f "
@I [HLS-100] Command 'report' returned 0; elapsed 0.077Total elapsed time: 19.655 sec.
@I [HLS-100] Command "db_write -model Conv -o C:/Users/luojiawei/Desktop/pynq_1/ip/Conv/solution1/.autopilot/db/Conv.adb -f "
@I [HLS-100] Command 'db_write' returned 0; elapsed 0.063Total elapsed time: 19.718 sec.
@I [HLS-100] Command "sc_get_clocks Conv "
@I [HLS-100] Command 'sc_get_clocks' returned 0; elapsed 0Total elapsed time: 20.46 sec.
@I [HLS-100] Command "sc_get_portdomain Conv "
@I [HLS-100] Command 'sc_get_portdomain' returned 0; elapsed 0Total elapsed time: 20.46 sec.
@I [HLS-0] Model list for RTL component generation: Conv
@I [HLS-0] Handling components in module [Conv] ... 
@I [HLS-100] Command "source C:/Users/luojiawei/Desktop/pynq_1/ip/Conv/solution1/.autopilot/db/Conv.compgen.tcl "
@I [HLS-0] Found component Conv_fadd_32ns_32ns_32_1_full_dsp.
@I [HLS-0] Append model Conv_fadd_32ns_32ns_32_1_full_dsp
@I [HLS-0] Found component Conv_fmul_32ns_32ns_32_1_max_dsp.
@I [HLS-0] Append model Conv_fmul_32ns_32ns_32_1_max_dsp
@I [HLS-0] Found component Conv_fcmp_32ns_32ns_1_1.
@I [HLS-0] Append model Conv_fcmp_32ns_32ns_1_1
@I [HLS-0] Found component Conv_sdiv_19s_9ns_19_23_seq.
@I [HLS-0] Append model Conv_sdiv_19s_9ns_19_23_seq
@I [HLS-0] Found component Conv_mul_mul_16ns_16ns_32_1.
@I [HLS-0] Append model Conv_mul_mul_16ns_16ns_32_1
@I [HLS-0] Found component Conv_mul_mul_8ns_16s_16_1.
@I [HLS-0] Append model Conv_mul_mul_8ns_16s_16_1
@I [HLS-0] Found component Conv_mul_mul_16ns_16s_32_1.
@I [HLS-0] Append model Conv_mul_mul_16ns_16s_32_1
@I [HLS-0] Found component Conv_mac_muladd_8ns_16ns_32ns_32_1.
@I [HLS-0] Append model Conv_mac_muladd_8ns_16ns_32ns_32_1
@I [HLS-0] Found component Conv_mul_mul_16s_8ns_16_1.
@I [HLS-0] Append model Conv_mul_mul_16s_8ns_16_1
@I [HLS-0] Found component Conv_mac_muladd_16s_16ns_48ns_48_1.
@I [HLS-0] Append model Conv_mac_muladd_16s_16ns_48ns_48_1
@I [HLS-0] Found component Conv_mac_muladd_16ns_16ns_16ns_32_1.
@I [HLS-0] Append model Conv_mac_muladd_16ns_16ns_16ns_32_1
@I [HLS-0] Found component Conv_mac_mul_sub_16s_8ns_8ns_16_1.
@I [HLS-0] Append model Conv_mac_mul_sub_16s_8ns_8ns_16_1
@I [HLS-0] Found component Conv_AXILiteS_s_axi.
@I [HLS-0] Append model Conv_AXILiteS_s_axi
@I [HLS-0] Found component Conv_gmem_m_axi.
@I [HLS-0] Append model Conv_gmem_m_axi
@I [HLS-100] Command 'ap_source' returned 0; elapsed 0Total elapsed time: 20.61 sec.
@I [HLS-0] Append model Conv
@I [HLS-0] Generating RTL model list ...
@I [HLS-0] All models in this session: Conv_fadd_32ns_32ns_32_1_full_dsp Conv_fmul_32ns_32ns_32_1_max_dsp Conv_fcmp_32ns_32ns_1_1 Conv_sdiv_19s_9ns_19_23_seq Conv_mul_mul_16ns_16ns_32_1 Conv_mul_mul_8ns_16s_16_1 Conv_mul_mul_16ns_16s_32_1 Conv_mac_muladd_8ns_16ns_32ns_32_1 Conv_mul_mul_16s_8ns_16_1 Conv_mac_muladd_16s_16ns_48ns_48_1 Conv_mac_muladd_16ns_16ns_16ns_32_1 Conv_mac_mul_sub_16s_8ns_8ns_16_1 Conv_AXILiteS_s_axi Conv_gmem_m_axi Conv
@I [HLS-0] To file: write model Conv_fadd_32ns_32ns_32_1_full_dsp
@I [HLS-0] To file: write model Conv_fmul_32ns_32ns_32_1_max_dsp
@I [HLS-0] To file: write model Conv_fcmp_32ns_32ns_1_1
@I [HLS-0] To file: write model Conv_sdiv_19s_9ns_19_23_seq
@I [HLS-0] To file: write model Conv_mul_mul_16ns_16ns_32_1
@I [HLS-0] To file: write model Conv_mul_mul_8ns_16s_16_1
@I [HLS-0] To file: write model Conv_mul_mul_16ns_16s_32_1
@I [HLS-0] To file: write model Conv_mac_muladd_8ns_16ns_32ns_32_1
@I [HLS-0] To file: write model Conv_mul_mul_16s_8ns_16_1
@I [HLS-0] To file: write model Conv_mac_muladd_16s_16ns_48ns_48_1
@I [HLS-0] To file: write model Conv_mac_muladd_16ns_16ns_16ns_32_1
@I [HLS-0] To file: write model Conv_mac_mul_sub_16s_8ns_8ns_16_1
@I [HLS-0] To file: write model Conv_AXILiteS_s_axi
@I [HLS-0] To file: write model Conv_gmem_m_axi
@I [HLS-0] To file: write model Conv
@I [HLS-0] Finished generating RTL model list.


@I [HLS-0] RTL Generation done.
@I [HLS-0] CAS Generation done.
@I [HLS-0] CBC Generation done.
@I [HLS-100] Command "export_ssdm C:/Users/luojiawei/Desktop/pynq_1/ip/Conv/solution1/.autopilot/db/a.export.ll "
@I [HLS-100] Command 'export_ssdm' returned 0; elapsed 0Total elapsed time: 20.61 sec.
@I [HLS-100] Command "source C:/Users/luojiawei/Desktop/pynq_1/ip/Conv/solution1/.autopilot/db/global.setting.tcl "
@I [HLS-100] Command 'ap_source' returned 0; elapsed 0Total elapsed time: 20.61 sec.
@I [HLS-100] Command "source C:/Xilinx/Vivado_HLS/2016.1/common/technology/generic/autopilot/common.gen "
@I [HLS-100] Command "source C:/Xilinx/Vivado_HLS/2016.1/common/technology/generic/autopilot/APCoreGen.gen "
@I [HLS-100] Command 'ap_source' returned 0; elapsed 0Total elapsed time: 20.61 sec.
@I [HLS-100] Command 'ap_source' returned 0; elapsed 0Total elapsed time: 20.61 sec.
@I [HLS-100] Command "source C:/Xilinx/Vivado_HLS/2016.1/common/technology/generic/autopilot/op.gen "
@I [HLS-100] Command 'ap_source' returned 0; elapsed 0Total elapsed time: 20.78 sec.
@I [HLS-100] Command "source C:/Xilinx/Vivado_HLS/2016.1/common/technology/generic/autopilot/op_simcore.gen "
@I [HLS-100] Command 'ap_source' returned 0; elapsed 0Total elapsed time: 20.78 sec.
@I [HLS-100] Command "source C:/Xilinx/Vivado_HLS/2016.1/common/technology/generic/autopilot/interface.gen "
@I [HLS-100] Command 'ap_source' returned 0; elapsed 0Total elapsed time: 20.78 sec.
@I [HLS-100] Command "source C:/Users/luojiawei/Desktop/pynq_1/ip/Conv/solution1/.autopilot/db/global.setting.tcl "
@I [HLS-100] Command 'ap_source' returned 0; elapsed 0Total elapsed time: 20.78 sec.
@I [HLS-100] Command "source C:/Xilinx/Vivado_HLS/2016.1/common/technology/xilinx/zynq/zynq.gen "
@I [HLS-100] Command "source C:/Xilinx/Vivado_HLS/2016.1/common/technology/xilinx/common/virtex.gen "
@I [HLS-100] Command "source C:/Xilinx/Vivado_HLS/2016.1/common/technology/xilinx/common/xilinx.gen "
@I [HLS-100] Command "source C:/Xilinx/Vivado_HLS/2016.1/common/technology/xilinx/interface/plb46.gen "
@I [HLS-100] Command 'ap_source' returned 0; elapsed 0Total elapsed time: 20.78 sec.
@I [HLS-100] Command "source C:/Xilinx/Vivado_HLS/2016.1/common/technology/xilinx/interface/fsl.gen "
@I [HLS-100] Command 'ap_source' returned 0; elapsed 0Total elapsed time: 20.78 sec.
@I [HLS-100] Command "source C:/Xilinx/Vivado_HLS/2016.1/common/technology/xilinx/interface/axi4.gen "
@I [HLS-100] Command 'ap_source' returned 0; elapsed 0Total elapsed time: 20.78 sec.
@I [HLS-100] Command "source C:/Xilinx/Vivado_HLS/2016.1/common/technology/xilinx/interface/nativeAXI4.gen "
@I [HLS-100] Command "source C:/Xilinx/Vivado_HLS/2016.1/common/technology/xilinx/interface/saxilite.gen "
@I [HLS-100] Command 'ap_source' returned 0; elapsed 0Total elapsed time: 20.78 sec.
@I [HLS-100] Command "source C:/Xilinx/Vivado_HLS/2016.1/common/technology/xilinx/interface/maxi.gen "
@I [HLS-100] Command 'ap_source' returned 0; elapsed 0.014Total elapsed time: 20.93 sec.
@I [HLS-100] Command 'ap_source' returned 0; elapsed 0.014Total elapsed time: 20.93 sec.
@I [HLS-100] Command "source C:/Xilinx/Vivado_HLS/2016.1/common/technology/xilinx/scripts/xilinxcoregen.gen "
@I [HLS-100] Command 'ap_source' returned 0; elapsed 0Total elapsed time: 20.93 sec.
@I [HLS-100] Command "source C:/Xilinx/Vivado_HLS/2016.1/common/technology/xilinx/interface/XilEDKCoreGen.gen "
@I [HLS-100] Command 'ap_source' returned 0; elapsed 0.017Total elapsed time: 20.109 sec.
@I [HLS-100] Command "source C:/Xilinx/Vivado_HLS/2016.1/common/technology/xilinx/ip/dds_compiler.gen "
@I [HLS-100] Command 'ap_source' returned 0; elapsed 0Total elapsed time: 20.109 sec.
@I [HLS-100] Command "source C:/Xilinx/Vivado_HLS/2016.1/common/technology/xilinx/ip/util.gen "
@I [HLS-100] Command 'ap_source' returned 0; elapsed 0Total elapsed time: 20.109 sec.
@I [HLS-100] Command "source C:/Xilinx/Vivado_HLS/2016.1/common/technology/xilinx/ip/xfft.gen "
@I [HLS-100] Command 'ap_source' returned 0; elapsed 0.077Total elapsed time: 20.187 sec.
@I [HLS-100] Command "source C:/Xilinx/Vivado_HLS/2016.1/common/technology/xilinx/ip/xfir.gen "
@I [HLS-100] Command 'ap_source' returned 0; elapsed 0Total elapsed time: 20.187 sec.
@I [HLS-100] Command 'ap_source' returned 0; elapsed 0.108Total elapsed time: 20.187 sec.
@I [HLS-100] Command "source C:/Xilinx/Vivado_HLS/2016.1/common/technology/xilinx/common/dsp48.gen "
@I [HLS-100] Command 'ap_source' returned 0; elapsed 0Total elapsed time: 20.187 sec.
@I [HLS-100] Command 'ap_source' returned 0; elapsed 0.108Total elapsed time: 20.187 sec.
@I [HLS-100] Command 'ap_source' returned 0; elapsed 0.108Total elapsed time: 20.187 sec.
@I [HLS-100] Command "source C:/Xilinx/Vivado_HLS/2016.1/common/technology/xilinx/zynq/zynq_fpv6.gen "
@I [HLS-100] Command "source C:/Xilinx/Vivado_HLS/2016.1/common/technology/xilinx/common/xilinx_fpv6.gen "
@I [HLS-100] Command 'ap_source' returned 0; elapsed 0Total elapsed time: 20.187 sec.
@I [HLS-100] Command 'ap_source' returned 0; elapsed 0Total elapsed time: 20.187 sec.
@I [HLS-100] Command "source C:/Users/luojiawei/Desktop/pynq_1/ip/Conv/solution1/.autopilot/db/global.setting.tcl "
@I [HLS-100] Command 'ap_source' returned 0; elapsed 0Total elapsed time: 20.187 sec.
@I [HLS-100] Command "source C:/Users/luojiawei/Desktop/pynq_1/ip/Conv/solution1/.autopilot/db/global.setting.tcl "
@I [HLS-100] Command 'ap_source' returned 0; elapsed 0Total elapsed time: 20.187 sec.
@I [HLS-100] Command "source C:/Users/luojiawei/Desktop/pynq_1/ip/Conv/solution1/.autopilot/db/global.setting.tcl "
@I [HLS-100] Command 'ap_source' returned 0; elapsed 0Total elapsed time: 20.202 sec.
@I [HLS-100] Command "source C:/Users/luojiawei/Desktop/pynq_1/ip/Conv/solution1/.autopilot/db/global.setting.tcl "
@I [HLS-100] Command 'ap_source' returned 0; elapsed 0Total elapsed time: 20.202 sec.
@I [HLS-100] Command "source C:/Users/luojiawei/Desktop/pynq_1/ip/Conv/solution1/.autopilot/db/Conv.compgen.tcl "
@I [RTMG-282] Generating pipelined core: 'Conv_sdiv_19s_9ns_19_23_seq_div'
@I [HLS-100] Command "source ./AXILiteS.slave.tcl "
@I [HLS-100] Command 'ap_source' returned 0; elapsed 0Total elapsed time: 20.640 sec.
@I [HLS-100] Command 'ap_source' returned 0; elapsed 0.515Total elapsed time: 20.717 sec.
@I [HLS-10] Finished generating all RTL models.
@0 [HLS-0] Finished generating all RTL models.
@I [SYSC-301] Generating SystemC RTL for Conv.
@I [VHDL-304] Generating VHDL RTL for Conv.
@I [VLOG-307] Generating Verilog RTL for Conv.
@I [HLS-100] Command 'autosyn' returned 0; elapsed 2.219Total elapsed time: 21.108 sec.
@I [HLS-100] Command 'csynth_design' returned 0; elapsed 20Total elapsed time: 21.108 sec.
@I [HLS-100] Command 'ap_source' returned 0; elapsed 20.25Total elapsed time: 21.108 sec.
@I [HLS-100] Command "cleanup_all "
@I [HLS-100] Command 'cleanup_all' returned 0; elapsed 0Total elapsed time: 21.108 sec.
