INFO: [VRFC 10-163] Analyzing VHDL file "C:/Users/luojiawei/Desktop/pynq_1/soc/pynq.srcs/sources_1/bd/pynq/ipshared/19f2/hdl/ip/Conv_ap_fadd_3_full_dsp_32.vhd" into library xil_defaultlib
INFO: [VRFC 10-3107] analyzing entity 'Conv_ap_fadd_3_full_dsp_32'
INFO: [VRFC 10-163] Analyzing VHDL file "C:/Users/luojiawei/Desktop/pynq_1/soc/pynq.srcs/sources_1/bd/pynq/ipshared/19f2/hdl/ip/Conv_ap_fcmp_0_no_dsp_32.vhd" into library xil_defaultlib
INFO: [VRFC 10-3107] analyzing entity 'Conv_ap_fcmp_0_no_dsp_32'
INFO: [VRFC 10-163] Analyzing VHDL file "C:/Users/luojiawei/Desktop/pynq_1/soc/pynq.srcs/sources_1/bd/pynq/ipshared/19f2/hdl/ip/Conv_ap_fmul_2_max_dsp_32.vhd" into library xil_defaultlib
INFO: [VRFC 10-3107] analyzing entity 'Conv_ap_fmul_2_max_dsp_32'
INFO: [VRFC 10-163] Analyzing VHDL file "C:/Users/luojiawei/Desktop/pynq_1/soc/pynq.ip_user_files/bd/pynq/ip/pynq_Conv_0_0/sim/pynq_Conv_0_0.vhd" into library xil_defaultlib
INFO: [VRFC 10-3107] analyzing entity 'pynq_Conv_0_0'
INFO: [VRFC 10-163] Analyzing VHDL file "C:/Users/luojiawei/Desktop/pynq_1/soc/pynq.srcs/sources_1/bd/pynq/ipshared/aed7/hdl/ip/Pool_ap_fadd_3_full_dsp_32.vhd" into library xil_defaultlib
INFO: [VRFC 10-3107] analyzing entity 'Pool_ap_fadd_3_full_dsp_32'
INFO: [VRFC 10-163] Analyzing VHDL file "C:/Users/luojiawei/Desktop/pynq_1/soc/pynq.srcs/sources_1/bd/pynq/ipshared/aed7/hdl/ip/Pool_ap_fcmp_0_no_dsp_32.vhd" into library xil_defaultlib
INFO: [VRFC 10-3107] analyzing entity 'Pool_ap_fcmp_0_no_dsp_32'
INFO: [VRFC 10-163] Analyzing VHDL file "C:/Users/luojiawei/Desktop/pynq_1/soc/pynq.srcs/sources_1/bd/pynq/ipshared/aed7/hdl/ip/Pool_ap_fdiv_14_no_dsp_32.vhd" into library xil_defaultlib
INFO: [VRFC 10-3107] analyzing entity 'Pool_ap_fdiv_14_no_dsp_32'
INFO: [VRFC 10-163] Analyzing VHDL file "C:/Users/luojiawei/Desktop/pynq_1/soc/pynq.srcs/sources_1/bd/pynq/ipshared/aed7/hdl/ip/Pool_ap_uitofp_4_no_dsp_32.vhd" into library xil_defaultlib
INFO: [VRFC 10-3107] analyzing entity 'Pool_ap_uitofp_4_no_dsp_32'
INFO: [VRFC 10-163] Analyzing VHDL file "C:/Users/luojiawei/Desktop/pynq_1/soc/pynq.ip_user_files/bd/pynq/ip/pynq_Pool_0_0/sim/pynq_Pool_0_0.vhd" into library xil_defaultlib
INFO: [VRFC 10-3107] analyzing entity 'pynq_Pool_0_0'
INFO: [VRFC 10-163] Analyzing VHDL file "C:/Users/luojiawei/Desktop/pynq_1/soc/pynq.ip_user_files/bd/pynq/ip/pynq_rst_ps7_0_50M_0/sim/pynq_rst_ps7_0_50M_0.vhd" into library xil_defaultlib
INFO: [VRFC 10-3107] analyzing entity 'pynq_rst_ps7_0_50M_0'
