INFO: [VRFC 10-2263] Analyzing Verilog file "C:/Users/luojiawei/Desktop/pynq_1/soc/pynq.ip_user_files/bd/pynq/ip/pynq_processing_system7_0_0/sim/pynq_processing_system7_0_0.v" into library xil_defaultlib
INFO: [VRFC 10-311] analyzing module pynq_processing_system7_0_0
INFO: [VRFC 10-2263] Analyzing Verilog file "C:/Users/luojiawei/Desktop/pynq_1/soc/pynq.srcs/sources_1/bd/pynq/ipshared/19f2/hdl/verilog/Conv_AXILiteS_s_axi.v" into library xil_defaultlib
INFO: [VRFC 10-311] analyzing module Conv_AXILiteS_s_axi
INFO: [VRFC 10-2263] Analyzing Verilog file "C:/Users/luojiawei/Desktop/pynq_1/soc/pynq.srcs/sources_1/bd/pynq/ipshared/19f2/hdl/verilog/Conv_fadd_32ns_32bkb.v" into library xil_defaultlib
INFO: [VRFC 10-311] analyzing module Conv_fadd_32ns_32bkb
INFO: [VRFC 10-2263] Analyzing Verilog file "C:/Users/luojiawei/Desktop/pynq_1/soc/pynq.srcs/sources_1/bd/pynq/ipshared/19f2/hdl/verilog/Conv_fcmp_32ns_32dEe.v" into library xil_defaultlib
INFO: [VRFC 10-311] analyzing module Conv_fcmp_32ns_32dEe
INFO: [VRFC 10-2263] Analyzing Verilog file "C:/Users/luojiawei/Desktop/pynq_1/soc/pynq.srcs/sources_1/bd/pynq/ipshared/19f2/hdl/verilog/Conv_fmul_32ns_32cud.v" into library xil_defaultlib
INFO: [VRFC 10-311] analyzing module Conv_fmul_32ns_32cud
INFO: [VRFC 10-2263] Analyzing Verilog file "C:/Users/luojiawei/Desktop/pynq_1/soc/pynq.srcs/sources_1/bd/pynq/ipshared/19f2/hdl/verilog/Conv_gmem_m_axi.v" into library xil_defaultlib
INFO: [VRFC 10-311] analyzing module Conv_gmem_m_axi
INFO: [VRFC 10-311] analyzing module Conv_gmem_m_axi_reg_slice
INFO: [VRFC 10-311] analyzing module Conv_gmem_m_axi_fifo
INFO: [VRFC 10-311] analyzing module Conv_gmem_m_axi_buffer
INFO: [VRFC 10-311] analyzing module Conv_gmem_m_axi_decoder
INFO: [VRFC 10-311] analyzing module Conv_gmem_m_axi_throttl
INFO: [VRFC 10-311] analyzing module Conv_gmem_m_axi_read
INFO: [VRFC 10-311] analyzing module Conv_gmem_m_axi_write
INFO: [VRFC 10-2263] Analyzing Verilog file "C:/Users/luojiawei/Desktop/pynq_1/soc/pynq.srcs/sources_1/bd/pynq/ipshared/19f2/hdl/verilog/Conv_mac_muladd_1hbi.v" into library xil_defaultlib
INFO: [VRFC 10-311] analyzing module Conv_mac_muladd_1hbi_DSP48_2
INFO: [VRFC 10-311] analyzing module Conv_mac_muladd_1hbi
INFO: [VRFC 10-2263] Analyzing Verilog file "C:/Users/luojiawei/Desktop/pynq_1/soc/pynq.srcs/sources_1/bd/pynq/ipshared/19f2/hdl/verilog/Conv_mul_mul_16nsfYi.v" into library xil_defaultlib
INFO: [VRFC 10-311] analyzing module Conv_mul_mul_16nsfYi_DSP48_0
INFO: [VRFC 10-311] analyzing module Conv_mul_mul_16nsfYi
INFO: [VRFC 10-2263] Analyzing Verilog file "C:/Users/luojiawei/Desktop/pynq_1/soc/pynq.srcs/sources_1/bd/pynq/ipshared/19f2/hdl/verilog/Conv_mul_mul_16nsg8j.v" into library xil_defaultlib
INFO: [VRFC 10-311] analyzing module Conv_mul_mul_16nsg8j_DSP48_1
INFO: [VRFC 10-311] analyzing module Conv_mul_mul_16nsg8j
INFO: [VRFC 10-2263] Analyzing Verilog file "C:/Users/luojiawei/Desktop/pynq_1/soc/pynq.srcs/sources_1/bd/pynq/ipshared/19f2/hdl/verilog/Conv_sdiv_19s_9nseOg.v" into library xil_defaultlib
INFO: [VRFC 10-311] analyzing module Conv_sdiv_19s_9nseOg_div_u
INFO: [VRFC 10-311] analyzing module Conv_sdiv_19s_9nseOg_div
INFO: [VRFC 10-311] analyzing module Conv_sdiv_19s_9nseOg
INFO: [VRFC 10-2263] Analyzing Verilog file "C:/Users/luojiawei/Desktop/pynq_1/soc/pynq.srcs/sources_1/bd/pynq/ipshared/19f2/hdl/verilog/Conv.v" into library xil_defaultlib
INFO: [VRFC 10-311] analyzing module Conv
INFO: [VRFC 10-2263] Analyzing Verilog file "C:/Users/luojiawei/Desktop/pynq_1/soc/pynq.srcs/sources_1/bd/pynq/ipshared/aed7/hdl/verilog/Pool_AXILiteS_s_axi.v" into library xil_defaultlib
INFO: [VRFC 10-311] analyzing module Pool_AXILiteS_s_axi
INFO: [VRFC 10-2263] Analyzing Verilog file "C:/Users/luojiawei/Desktop/pynq_1/soc/pynq.srcs/sources_1/bd/pynq/ipshared/aed7/hdl/verilog/Pool_fadd_32ns_32bkb.v" into library xil_defaultlib
INFO: [VRFC 10-311] analyzing module Pool_fadd_32ns_32bkb
INFO: [VRFC 10-2263] Analyzing Verilog file "C:/Users/luojiawei/Desktop/pynq_1/soc/pynq.srcs/sources_1/bd/pynq/ipshared/aed7/hdl/verilog/Pool_fcmp_32ns_32eOg.v" into library xil_defaultlib
INFO: [VRFC 10-311] analyzing module Pool_fcmp_32ns_32eOg
INFO: [VRFC 10-2263] Analyzing Verilog file "C:/Users/luojiawei/Desktop/pynq_1/soc/pynq.srcs/sources_1/bd/pynq/ipshared/aed7/hdl/verilog/Pool_fdiv_32ns_32cud.v" into library xil_defaultlib
INFO: [VRFC 10-311] analyzing module Pool_fdiv_32ns_32cud
INFO: [VRFC 10-2263] Analyzing Verilog file "C:/Users/luojiawei/Desktop/pynq_1/soc/pynq.srcs/sources_1/bd/pynq/ipshared/aed7/hdl/verilog/Pool_gmem_m_axi.v" into library xil_defaultlib
INFO: [VRFC 10-311] analyzing module Pool_gmem_m_axi
INFO: [VRFC 10-311] analyzing module Pool_gmem_m_axi_reg_slice
INFO: [VRFC 10-311] analyzing module Pool_gmem_m_axi_fifo
INFO: [VRFC 10-311] analyzing module Pool_gmem_m_axi_buffer
INFO: [VRFC 10-311] analyzing module Pool_gmem_m_axi_decoder
INFO: [VRFC 10-311] analyzing module Pool_gmem_m_axi_throttl
INFO: [VRFC 10-311] analyzing module Pool_gmem_m_axi_read
INFO: [VRFC 10-311] analyzing module Pool_gmem_m_axi_write
INFO: [VRFC 10-2263] Analyzing Verilog file "C:/Users/luojiawei/Desktop/pynq_1/soc/pynq.srcs/sources_1/bd/pynq/ipshared/aed7/hdl/verilog/Pool_mac_muladd_1hbi.v" into library xil_defaultlib
INFO: [VRFC 10-311] analyzing module Pool_mac_muladd_1hbi_DSP48_1
INFO: [VRFC 10-311] analyzing module Pool_mac_muladd_1hbi
INFO: [VRFC 10-2263] Analyzing Verilog file "C:/Users/luojiawei/Desktop/pynq_1/soc/pynq.srcs/sources_1/bd/pynq/ipshared/aed7/hdl/verilog/Pool_mul_mul_16s_g8j.v" into library xil_defaultlib
INFO: [VRFC 10-311] analyzing module Pool_mul_mul_16s_g8j_DSP48_0
INFO: [VRFC 10-311] analyzing module Pool_mul_mul_16s_g8j
INFO: [VRFC 10-2263] Analyzing Verilog file "C:/Users/luojiawei/Desktop/pynq_1/soc/pynq.srcs/sources_1/bd/pynq/ipshared/aed7/hdl/verilog/Pool_udiv_16ns_8nfYi.v" into library xil_defaultlib
INFO: [VRFC 10-311] analyzing module Pool_udiv_16ns_8nfYi_div_u
INFO: [VRFC 10-311] analyzing module Pool_udiv_16ns_8nfYi_div
INFO: [VRFC 10-311] analyzing module Pool_udiv_16ns_8nfYi
INFO: [VRFC 10-2263] Analyzing Verilog file "C:/Users/luojiawei/Desktop/pynq_1/soc/pynq.srcs/sources_1/bd/pynq/ipshared/aed7/hdl/verilog/Pool_uitofp_32ns_dEe.v" into library xil_defaultlib
INFO: [VRFC 10-311] analyzing module Pool_uitofp_32ns_dEe
INFO: [VRFC 10-2263] Analyzing Verilog file "C:/Users/luojiawei/Desktop/pynq_1/soc/pynq.srcs/sources_1/bd/pynq/ipshared/aed7/hdl/verilog/Pool.v" into library xil_defaultlib
INFO: [VRFC 10-311] analyzing module Pool
INFO: [VRFC 10-2263] Analyzing Verilog file "C:/Users/luojiawei/Desktop/pynq_1/soc/pynq.ip_user_files/bd/pynq/ip/pynq_xbar_0/sim/pynq_xbar_0.v" into library xil_defaultlib
INFO: [VRFC 10-311] analyzing module pynq_xbar_0
INFO: [VRFC 10-2263] Analyzing Verilog file "C:/Users/luojiawei/Desktop/pynq_1/soc/pynq.ip_user_files/bd/pynq/sim/pynq.v" into library xil_defaultlib
INFO: [VRFC 10-311] analyzing module m00_couplers_imp_H5GOTD
INFO: [VRFC 10-311] analyzing module m01_couplers_imp_18MWC7R
INFO: [VRFC 10-311] analyzing module pynq
INFO: [VRFC 10-311] analyzing module pynq_axi_mem_intercon_0
INFO: [VRFC 10-311] analyzing module pynq_axi_mem_intercon_1_0
INFO: [VRFC 10-311] analyzing module pynq_ps7_0_axi_periph_0
INFO: [VRFC 10-311] analyzing module s00_couplers_imp_1XRQMC4
INFO: [VRFC 10-311] analyzing module s00_couplers_imp_G3GUWH
INFO: [VRFC 10-311] analyzing module s00_couplers_imp_S9RQ86
INFO: [VRFC 10-2263] Analyzing Verilog file "C:/Users/luojiawei/Desktop/pynq_1/soc/pynq.ip_user_files/bd/pynq/ip/pynq_auto_pc_0/sim/pynq_auto_pc_0.v" into library xil_defaultlib
INFO: [VRFC 10-311] analyzing module pynq_auto_pc_0
INFO: [VRFC 10-2263] Analyzing Verilog file "C:/Users/luojiawei/Desktop/pynq_1/soc/pynq.ip_user_files/bd/pynq/ip/pynq_auto_us_0/sim/pynq_auto_us_0.v" into library xil_defaultlib
INFO: [VRFC 10-311] analyzing module pynq_auto_us_0
INFO: [VRFC 10-2263] Analyzing Verilog file "C:/Users/luojiawei/Desktop/pynq_1/soc/pynq.ip_user_files/bd/pynq/ip/pynq_auto_pc_1/sim/pynq_auto_pc_1.v" into library xil_defaultlib
INFO: [VRFC 10-311] analyzing module pynq_auto_pc_1
INFO: [VRFC 10-2263] Analyzing Verilog file "C:/Users/luojiawei/Desktop/pynq_1/soc/pynq.ip_user_files/bd/pynq/ip/pynq_auto_us_1/sim/pynq_auto_us_1.v" into library xil_defaultlib
INFO: [VRFC 10-311] analyzing module pynq_auto_us_1
INFO: [VRFC 10-2263] Analyzing Verilog file "C:/Users/luojiawei/Desktop/pynq_1/soc/pynq.ip_user_files/bd/pynq/ip/pynq_auto_pc_2/sim/pynq_auto_pc_2.v" into library xil_defaultlib
INFO: [VRFC 10-311] analyzing module pynq_auto_pc_2
INFO: [VRFC 10-2263] Analyzing Verilog file "C:/Users/luojiawei/Desktop/pynq_1/soc/pynq.srcs/sources_1/bd/pynq/hdl/pynq_wrapper.v" into library xil_defaultlib
INFO: [VRFC 10-311] analyzing module pynq_wrapper
INFO: [VRFC 10-2263] Analyzing Verilog file "C:/Users/luojiawei/Desktop/pynq_1/soc/pynq.sim/sim_1/behav/xsim/glbl.v" into library xil_defaultlib
INFO: [VRFC 10-311] analyzing module glbl
